[    0.000000] Initializing cgroup subsys cpuset
[    0.000000] Initializing cgroup subsys cpu
[    0.000000] Initializing cgroup subsys cpuacct
[    0.000000] Linux version 4.4.0-72-generic (buildd@lcy01-17) (gcc version 5.4.0 20160609 (Ubuntu 5.4.0-6ubuntu1~16.04.4) ) #93-Ubuntu SMP Fri Mar 31 14:07:41 UTC 2017 (Ubuntu 4.4.0-72.93-generic 4.4.49)
[    0.000000] Command line: BOOT_IMAGE=/boot/vmlinuz-4.4.0-72-generic root=LABEL=cloudimg-rootfs ro console=tty1 console=ttyS0
[    0.000000] KERNEL supported cpus:
[    0.000000]   Intel GenuineIntel
[    0.000000]   AMD AuthenticAMD
[    0.000000]   Centaur CentaurHauls
[    0.000000] x86/fpu: xstate_offset[2]:  576, xstate_sizes[2]:  256
[    0.000000] x86/fpu: Supporting XSAVE feature 0x01: 'x87 floating point registers'
[    0.000000] x86/fpu: Supporting XSAVE feature 0x02: 'SSE registers'
[    0.000000] x86/fpu: Supporting XSAVE feature 0x04: 'AVX registers'
[    0.000000] x86/fpu: Enabled xstate features 0x7, context size is 832 bytes, using 'standard' format.
[    0.000000] x86/fpu: Using 'lazy' FPU context switches.
[    0.000000] e820: BIOS-provided physical RAM map:
[    0.000000] BIOS-e820: [mem 0x0000000000000000-0x000000000009fbff] usable
[    0.000000] BIOS-e820: [mem 0x000000000009fc00-0x000000000009ffff] reserved
[    0.000000] BIOS-e820: [mem 0x00000000000f0000-0x00000000000fffff] reserved
[    0.000000] BIOS-e820: [mem 0x0000000000100000-0x000000007ffeffff] usable
[    0.000000] BIOS-e820: [mem 0x000000007fff0000-0x000000007fffffff] ACPI data
[    0.000000] BIOS-e820: [mem 0x00000000fec00000-0x00000000fec00fff] reserved
[    0.000000] BIOS-e820: [mem 0x00000000fee00000-0x00000000fee00fff] reserved
[    0.000000] BIOS-e820: [mem 0x00000000fffc0000-0x00000000ffffffff] reserved
[    0.000000] NX (Execute Disable) protection: active
[    0.000000] SMBIOS 2.5 present.
[    0.000000] Hypervisor detected: KVM
[    0.000000] e820: last_pfn = 0x7fff0 max_arch_pfn = 0x400000000
[    0.000000] MTRR: Disabled
[    0.000000] x86/PAT: MTRRs disabled, skipping PAT initialization too.
[    0.000000] x86/PAT: Configuration [0-7]: WB  WT  UC- UC  WB  WT  UC- UC  
[    0.000000] CPU MTRRs all blank - virtualized system.
[    0.000000] found SMP MP-table at [mem 0x0009fff0-0x0009ffff] mapped at [ffff88000009fff0]
[    0.000000] Scanning 1 areas for low memory corruption
[    0.000000] RAMDISK: [mem 0x36ac8000-0x3755bfff]
[    0.000000] ACPI: Early table checksum verification disabled
[    0.000000] ACPI: RSDP 0x00000000000E0000 000024 (v02 VBOX  )
[    0.000000] ACPI: XSDT 0x000000007FFF0030 00003C (v01 VBOX   VBOXXSDT 00000001 ASL  00000061)
[    0.000000] ACPI: FACP 0x000000007FFF00F0 0000F4 (v04 VBOX   VBOXFACP 00000001 ASL  00000061)
[    0.000000] ACPI: DSDT 0x000000007FFF0480 0021C8 (v02 VBOX   VBOXBIOS 00000002 INTL 20100528)
[    0.000000] ACPI: FACS 0x000000007FFF0200 000040
[    0.000000] ACPI: FACS 0x000000007FFF0200 000040
[    0.000000] ACPI: APIC 0x000000007FFF0240 00006C (v02 VBOX   VBOXAPIC 00000001 ASL  00000061)
[    0.000000] ACPI: SSDT 0x000000007FFF02B0 0001CC (v01 VBOX   VBOXCPUT 00000002 INTL 20100528)
[    0.000000] No NUMA configuration found
[    0.000000] Faking a node at [mem 0x0000000000000000-0x000000007ffeffff]
[    0.000000] NODE_DATA(0) allocated [mem 0x7ffeb000-0x7ffeffff]
[    0.000000] kvm-clock: Using msrs 4b564d01 and 4b564d00
[    0.000000] kvm-clock: cpu 0, msr 0:7ffe3001, primary cpu clock
[    0.000000] kvm-clock: using sched offset of 4005934374 cycles
[    0.000000] clocksource: kvm-clock: mask: 0xffffffffffffffff max_cycles: 0x1cd42e4dffb, max_idle_ns: 881590591483 ns
[    0.000000] Zone ranges:
[    0.000000]   DMA      [mem 0x0000000000001000-0x0000000000ffffff]
[    0.000000]   DMA32    [mem 0x0000000001000000-0x000000007ffeffff]
[    0.000000]   Normal   empty
[    0.000000]   Device   empty
[    0.000000] Movable zone start for each node
[    0.000000] Early memory node ranges
[    0.000000]   node   0: [mem 0x0000000000001000-0x000000000009efff]
[    0.000000]   node   0: [mem 0x0000000000100000-0x000000007ffeffff]
[    0.000000] Initmem setup node 0 [mem 0x0000000000001000-0x000000007ffeffff]
[    0.000000] ACPI: PM-Timer IO Port: 0x4008
[    0.000000] IOAPIC[0]: apic_id 4, version 32, address 0xfec00000, GSI 0-23
[    0.000000] ACPI: INT_SRC_OVR (bus 0 bus_irq 0 global_irq 2 dfl dfl)
[    0.000000] ACPI: INT_SRC_OVR (bus 0 bus_irq 9 global_irq 9 high level)
[    0.000000] Using ACPI (MADT) for SMP configuration information
[    0.000000] smpboot: Allowing 4 CPUs, 0 hotplug CPUs
[    0.000000] PM: Registered nosave memory: [mem 0x00000000-0x00000fff]
[    0.000000] PM: Registered nosave memory: [mem 0x0009f000-0x0009ffff]
[    0.000000] PM: Registered nosave memory: [mem 0x000a0000-0x000effff]
[    0.000000] PM: Registered nosave memory: [mem 0x000f0000-0x000fffff]
[    0.000000] e820: [mem 0x80000000-0xfebfffff] available for PCI devices
[    0.000000] Booting paravirtualized kernel on KVM
[    0.000000] clocksource: refined-jiffies: mask: 0xffffffff max_cycles: 0xffffffff, max_idle_ns: 7645519600211568 ns
[    0.000000] setup_percpu: NR_CPUS:512 nr_cpumask_bits:512 nr_cpu_ids:4 nr_node_ids:1
[    0.000000] PERCPU: Embedded 33 pages/cpu @ffff88007fc00000 s98264 r8192 d28712 u524288
[    0.000000] PV qspinlock hash table entries: 256 (order: 0, 4096 bytes)
[    0.000000] Built 1 zonelists in Node order, mobility grouping on.  Total pages: 515961
[    0.000000] Policy zone: DMA32
[    0.000000] Kernel command line: BOOT_IMAGE=/boot/vmlinuz-4.4.0-72-generic root=LABEL=cloudimg-rootfs ro console=tty1 console=ttyS0
[    0.000000] PID hash table entries: 4096 (order: 3, 32768 bytes)
[    0.000000] Memory: 2033676K/2096696K available (8452K kernel code, 1293K rwdata, 3976K rodata, 1484K init, 1316K bss, 63020K reserved, 0K cma-reserved)
[    0.000000] SLUB: HWalign=64, Order=0-3, MinObjects=0, CPUs=4, Nodes=1
[    0.000000] Hierarchical RCU implementation.
[    0.000000] 	Build-time adjustment of leaf fanout to 64.
[    0.000000] 	RCU restricting CPUs from NR_CPUS=512 to nr_cpu_ids=4.
[    0.000000] RCU: Adjusting geometry for rcu_fanout_leaf=64, nr_cpu_ids=4
[    0.000000] NR_IRQS:33024 nr_irqs:456 16
[    0.000000] Console: colour VGA+ 80x25
[    0.000000] console [tty1] enabled
[    0.000000] console [ttyS0] enabled
[    0.000000] tsc: Detected 2294.686 MHz processor
[    1.499427] Calibrating delay loop (skipped) preset value.. 4589.37 BogoMIPS (lpj=9178744)
[    1.501308] pid_max: default: 32768 minimum: 301
[    1.507902] ACPI: Core revision 20150930
[    1.541739] ACPI: 2 ACPI AML tables successfully acquired and loaded
[    1.551558] Security Framework initialized
[    1.562110] Yama: becoming mindful.
[    1.563004] AppArmor: AppArmor initialized
[    1.565770] Dentry cache hash table entries: 262144 (order: 9, 2097152 bytes)
[    1.568841] Inode-cache hash table entries: 131072 (order: 8, 1048576 bytes)
[    1.576182] Mount-cache hash table entries: 4096 (order: 3, 32768 bytes)
[    1.578316] Mountpoint-cache hash table entries: 4096 (order: 3, 32768 bytes)
[    1.582439] Initializing cgroup subsys io
[    1.631635] Initializing cgroup subsys memory
[    1.684110] Initializing cgroup subsys devices
[    1.724178] Initializing cgroup subsys freezer
[    1.765175] Initializing cgroup subsys net_cls
[    1.794368] Initializing cgroup subsys perf_event
[    1.826212] Initializing cgroup subsys net_prio
[    1.870901] Initializing cgroup subsys hugetlb
[    1.911058] Initializing cgroup subsys pids
[    1.922237] CPU: Physical Processor ID: 0
[    1.923174] CPU: Processor Core ID: 0
[    1.949602] mce: CPU supports 0 MCE banks
[    1.980895] Last level iTLB entries: 4KB 1024, 2MB 1024, 4MB 1024
[    2.025607] Last level dTLB entries: 4KB 1024, 2MB 1024, 4MB 1024, 1GB 4
[    2.044935] Freeing SMP alternatives memory: 32K (ffffffff820b8000 - ffffffff820c0000)
[    2.066291] ftrace: allocating 32111 entries in 126 pages
[    2.141773] smpboot: APIC(0) Converting physical 0 to logical package 0
[    2.170663] smpboot: Max logical packages: 1
[    2.179367] x2apic enabled
[    2.215205] Switched APIC routing to physical x2apic.
[    2.279312] ..TIMER: vector=0x30 apic1=0 pin1=2 apic2=-1 pin2=-1
[    2.402254] smpboot: CPU0: Intel(R) Core(TM) i5-4200U CPU @ 1.60GHz (family: 0x6, model: 0x45, stepping: 0x1)
[    2.415368] Performance Events: unsupported p6 CPU model 69 no PMU driver, software events only.
[    2.445474] KVM setup paravirtual spinlock
[    2.448512] x86: Booting SMP configuration:
[    2.469974] .... node  #0, CPUs:      #1
[    2.470987] kvm-clock: cpu 1, msr 0:7ffe3041, secondary cpu clock
[    2.485294] mce: CPU supports 0 MCE banks
[    2.488119]  #2
[    2.491090] kvm-clock: cpu 2, msr 0:7ffe3081, secondary cpu clock
[    2.510127] mce: CPU supports 0 MCE banks
[    2.512879]  #3
[    2.521934] kvm-clock: cpu 3, msr 0:7ffe30c1, secondary cpu clock
[    2.524194] mce: CPU supports 0 MCE banks
[    2.528371] x86: Booted up 1 node, 4 CPUs
[    2.532383] smpboot: Total of 4 processors activated (18357.48 BogoMIPS)
[    2.540631] devtmpfs: initialized
[    2.545853] evm: security.selinux
[    2.555404] evm: security.SMACK64
[    2.565888] evm: security.SMACK64EXEC
[    2.574227] evm: security.SMACK64TRANSMUTE
[    2.576021] evm: security.SMACK64MMAP
[    2.577194] evm: security.ima
[    2.578250] evm: security.capability
[    2.582137] clocksource: jiffies: mask: 0xffffffff max_cycles: 0xffffffff, max_idle_ns: 7645041785100000 ns
[    2.608184] pinctrl core: initialized pinctrl subsystem
[    2.611358] RTC time:  9:26:01, date: 04/21/17
[    2.614717] NET: Registered protocol family 16
[    2.642716] cpuidle: using governor ladder
[    2.658950] cpuidle: using governor menu
[    2.690974] PCCT header not found.
[    2.695802] ACPI: bus type PCI registered
[    2.696761] acpiphp: ACPI Hot Plug PCI Controller Driver version: 0.5
[    2.744613] PCI: Using configuration type 1 for base access
[    2.764041] ACPI: Added _OSI(Module Device)
[    2.793693] ACPI: Added _OSI(Processor Device)
[    2.824051] ACPI: Added _OSI(3.0 _SCP Extensions)
[    2.848079] ACPI: Added _OSI(Processor Aggregator Device)
[    2.864819] ACPI: Executed 1 blocks of module-level executable AML code
[    2.895876] ACPI: Interpreter enabled
[    2.901774] ACPI: (supports S0 S5)
[    2.902934] ACPI: Using IOAPIC for interrupt routing
[    2.904478] PCI: Using host bridge windows from ACPI; if necessary, use "pci=nocrs" and report a bug
[    2.935981] ACPI: PCI Root Bridge [PCI0] (domain 0000 [bus 00-ff])
[    2.948179] acpi PNP0A03:00: _OSC: OS supports [ASPM ClockPM Segments MSI]
[    3.017281] acpi PNP0A03:00: _OSC failed (AE_NOT_FOUND); disabling ASPM
[    3.028995] acpi PNP0A03:00: fail to add MMCONFIG information, can't access extended PCI configuration space under this bridge.
[    3.054649] PCI host bridge to bus 0000:00
[    3.056022] pci_bus 0000:00: root bus resource [io  0x0000-0x0cf7 window]
[    3.062777] pci_bus 0000:00: root bus resource [io  0x0d00-0xffff window]
[    3.084545] pci_bus 0000:00: root bus resource [mem 0x000a0000-0x000bffff window]
[    3.115569] pci_bus 0000:00: root bus resource [mem 0x80000000-0xffdfffff window]
[    3.140791] pci_bus 0000:00: root bus resource [bus 00-ff]
[    3.162666] pci 0000:00:01.1: legacy IDE quirk: reg 0x10: [io  0x01f0-0x01f7]
[    3.215401] pci 0000:00:01.1: legacy IDE quirk: reg 0x14: [io  0x03f6]
[    3.255900] pci 0000:00:01.1: legacy IDE quirk: reg 0x18: [io  0x0170-0x0177]
[    3.261448] pci 0000:00:01.1: legacy IDE quirk: reg 0x1c: [io  0x0376]
[    3.318149] pci 0000:00:07.0: quirk: [io  0x4000-0x403f] claimed by PIIX4 ACPI
[    3.334700] pci 0000:00:07.0: quirk: [io  0x4100-0x410f] claimed by PIIX4 SMB
[    3.384146] ACPI: PCI Interrupt Link [LNKA] (IRQs 5 9 10 *11)
[    3.387625] ACPI: PCI Interrupt Link [LNKB] (IRQs 5 9 10 *11)
[    3.424730] ACPI: PCI Interrupt Link [LNKC] (IRQs 5 9 *10 11)
[    3.428468] ACPI: PCI Interrupt Link [LNKD] (IRQs 5 *9 10 11)
[    3.432109] ACPI: Enabled 2 GPEs in block 00 to 07
[    3.436791] vgaarb: setting as boot device: PCI:0000:00:02.0
[    3.442014] vgaarb: device added: PCI:0000:00:02.0,decodes=io+mem,owns=io+mem,locks=none
[    3.448931] vgaarb: loaded
[    3.453977] vgaarb: bridge control possible 0000:00:02.0
[    3.465376] SCSI subsystem initialized
[    3.468729] ACPI: bus type USB registered
[    3.481160] usbcore: registered new interface driver usbfs
[    3.486375] usbcore: registered new interface driver hub
[    3.488131] usbcore: registered new device driver usb
[    3.491197] PCI: Using ACPI for IRQ routing
[    3.512629] NetLabel: Initializing
[    3.524571] NetLabel:  domain hash size = 128
[    3.530754] NetLabel:  protocols = UNLABELED CIPSOv4
[    3.532231] NetLabel:  unlabeled traffic allowed by default
[    3.535205] amd_nb: Cannot enumerate AMD northbridges
[    3.552876] clocksource: Switched to clocksource kvm-clock
[    3.583824] AppArmor: AppArmor Filesystem Enabled
[    3.615162] pnp: PnP ACPI init
[    3.621353] pnp: PnP ACPI: found 3 devices
[    3.662321] clocksource: acpi_pm: mask: 0xffffff max_cycles: 0xffffff, max_idle_ns: 2085701024 ns
[    3.738017] NET: Registered protocol family 2
[    3.747071] TCP established hash table entries: 16384 (order: 5, 131072 bytes)
[    3.800888] TCP bind hash table entries: 16384 (order: 6, 262144 bytes)
[    3.850554] TCP: Hash tables configured (established 16384 bind 16384)
[    3.905428] UDP hash table entries: 1024 (order: 3, 32768 bytes)
[    3.986904] UDP-Lite hash table entries: 1024 (order: 3, 32768 bytes)
[    4.029832] NET: Registered protocol family 1
[    4.043107] pci 0000:00:00.0: Limiting direct PCI/PCI transfers
[    4.113062] pci 0000:00:01.0: Activating ISA DMA hang workarounds
[    4.170690] Unpacking initramfs...
[    6.573132] Freeing initrd memory: 10832K (ffff880036ac8000 - ffff88003755c000)
[    6.576838] RAPL PMU detected, API unit is 2^-32 Joules, 4 fixed counters 10737418240 ms ovfl timer
[    6.614793] hw unit of domain pp0-core 2^-0 Joules
[    6.641507] hw unit of domain package 2^-0 Joules
[    6.645914] hw unit of domain dram 2^-0 Joules
[    6.666272] hw unit of domain pp1-gpu 2^-0 Joules
[    6.714918] platform rtc_cmos: registered platform RTC device (no PNP device found)
[    6.728360] Scanning for low memory corruption every 60 seconds
[    6.746588] futex hash table entries: 1024 (order: 4, 65536 bytes)
[    6.751489] audit: initializing netlink subsys (disabled)
[    6.798585] audit: type=2000 audit(1492766768.912:1): initialized
[    6.800182] Initialise system trusted keyring
[    6.810966] HugeTLB registered 2 MB page size, pre-allocated 0 pages
[    6.818171] zbud: loaded
[    6.826874] VFS: Disk quotas dquot_6.6.0
[    6.860346] VFS: Dquot-cache hash table entries: 512 (order 0, 4096 bytes)
[    6.864738] squashfs: version 4.0 (2009/01/31) Phillip Lougher
[    6.867081] fuse init (API version 7.23)
[    6.874914] Key type big_key registered
[    6.890161] Allocating IMA MOK and blacklist keyrings.
[    6.893142] Key type asymmetric registered
[    6.910913] Asymmetric key parser 'x509' registered
[    6.928844] Block layer SCSI generic (bsg) driver version 0.4 loaded (major 249)
[    6.930744] io scheduler noop registered
[    6.935463] io scheduler deadline registered (default)
[    6.936640] io scheduler cfq registered
[    6.937771] pci_hotplug: PCI Hot Plug PCI Core version: 0.5
[    6.938977] pciehp: PCI Express Hot Plug Controller Driver version: 0.4
[    6.943936] ACPI: AC Adapter [AC] (on-line)
[    6.951409] input: Power Button as /devices/LNXSYSTM:00/LNXPWRBN:00/input/input0
[    7.009873] ACPI: Power Button [PWRF]
[    7.023343] input: Sleep Button as /devices/LNXSYSTM:00/LNXSLPBN:00/input/input1
[    7.029022] ACPI: Sleep Button [SLPF]
[    7.034395] GHES: HEST is not enabled!
[    7.035275] ACPI: Battery Slot [BAT0] (battery present)
[    7.114152] Serial: 8250/16550 driver, 32 ports, IRQ sharing enabled
[    7.146621] 00:02: ttyS0 at I/O 0x3f8 (irq = 4, base_baud = 115200) is a 16550A
[    7.188257] Linux agpgart interface v0.103
[    7.266910] loop: module loaded
[    7.311074] scsi host0: ata_piix
[    7.335273] scsi host1: ata_piix
[    7.374308] ata1: PATA max UDMA/33 cmd 0x1f0 ctl 0x3f6 bmdma 0xd000 irq 14
[    7.409995] ata2: PATA max UDMA/33 cmd 0x170 ctl 0x376 bmdma 0xd008 irq 15
[    7.426893] libphy: Fixed MDIO Bus: probed
[    7.427855] tun: Universal TUN/TAP device driver, 1.6
[    7.454685] tun: (C) 1999-2004 Max Krasnyansky <maxk@qualcomm.com>
[    7.465932] PPP generic driver version 2.4.2
[    7.481943] ehci_hcd: USB 2.0 'Enhanced' Host Controller (EHCI) Driver
[    7.488535] ehci-pci: EHCI PCI platform driver
[    7.489856] ehci-platform: EHCI generic platform driver
[    7.506299] ohci_hcd: USB 1.1 'Open' Host Controller (OHCI) Driver
[    7.518895] ohci-pci: OHCI PCI platform driver
[    7.530948] ohci-platform: OHCI generic platform driver
[    7.532609] uhci_hcd: USB Universal Host Controller Interface driver
[    7.540560] i8042: PNP: PS/2 Controller [PNP0303:PS2K,PNP0f03:PS2M] at 0x60,0x64 irq 1,12
[    7.550664] serio: i8042 KBD port at 0x60,0x64 irq 1
[    7.554832] serio: i8042 AUX port at 0x60,0x64 irq 12
[    7.574534] mousedev: PS/2 mouse device common for all mice
[    7.577441] input: AT Translated Set 2 keyboard as /devices/platform/i8042/serio0/input/input2
[    7.606256] rtc_cmos rtc_cmos: rtc core: registered rtc_cmos as rtc0
[    7.611518] rtc_cmos rtc_cmos: alarms up to one day, 114 bytes nvram
[    7.621476] i2c /dev entries driver
[    7.627600] device-mapper: uevent: version 1.0.3
[    7.629013] device-mapper: ioctl: 4.34.0-ioctl (2015-10-28) initialised: dm-devel@redhat.com
[    7.632713] ledtrig-cpu: registered to indicate activity on CPUs
[    7.641874] NET: Registered protocol family 10
[    7.646534] NET: Registered protocol family 17
[    7.649514] Key type dns_resolver registered
[    7.650776] microcode: CPU0 sig=0x40651, pf=0x40, revision=0x0
[    7.658169] microcode: CPU1 sig=0x40651, pf=0x40, revision=0x0
[    7.659627] microcode: CPU2 sig=0x40651, pf=0x40, revision=0x0
[    7.661172] microcode: CPU3 sig=0x40651, pf=0x40, revision=0x0
[    7.663572] microcode: Microcode Update Driver: v2.01 <tigran@aivazian.fsnet.co.uk>, Peter Oruba
[    7.667442] registered taskstats version 1
[    7.671270] Loading compiled-in X.509 certificates
[    7.680824] Loaded X.509 cert 'Build time autogenerated kernel key: 04ae903e4643330d1fe41947e79c28b436494994'
[    7.693915] zswap: loaded using pool lzo/zbud
[    7.701915] Key type trusted registered
[    7.712080] Key type encrypted registered
[    7.725105] tsc: Refined TSC clocksource calibration: 2295.523 MHz
[    7.732363] clocksource: tsc: mask: 0xffffffffffffffff max_cycles: 0x2116affb77f, max_idle_ns: 440795260734 ns
[    7.732406] AppArmor: AppArmor sha1 policy hashing enabled
[    7.732410] ima: No TPM chip found, activating TPM-bypass!
[    7.732452] evm: HMAC attrs: 0x1
[    7.732988]   Magic number: 13:891:424
[    7.754697] rtc_cmos rtc_cmos: setting system clock to 2017-04-21 09:26:06 UTC (1492766766)
[    7.754956] BIOS EDD facility v0.16 2004-Jun-25, 0 devices found
[    7.754956] EDD information not available.
[    7.787986] Freeing unused kernel memory: 1484K (ffffffff81f45000 - ffffffff820b8000)
[    7.798849] Write protecting the kernel read-only data: 14336k
[    7.800766] Freeing unused kernel memory: 1776K (ffff880001844000 - ffff880001a00000)
[    7.818103] Freeing unused kernel memory: 120K (ffff880001de2000 - ffff880001e00000)
Loading, please wait...
[    7.894490] random: systemd-udevd: uninitialized urandom read (16 bytes read, 2 bits of entropy available)
starting version[    7.895860] random: udevadm: uninitialized urandom read (16 bytes read, 2 bits of entropy available)
 229
[    7.895916] random: udevadm: uninitialized urandom read (16 bytes read, 2 bits of entropy available)
[    7.896260] random: udevadm: uninitialized urandom read (16 bytes read, 2 bits of entropy available)
[    7.896327] random: udevadm: uninitialized urandom read (16 bytes read, 2 bits of entropy available)
[    7.896393] random: udevadm: uninitialized urandom read (16 bytes read, 2 bits of entropy available)
[    7.896455] random: udevadm: uninitialized urandom read (16 bytes read, 2 bits of entropy available)
[    7.896522] random: udevadm: uninitialized urandom read (16 bytes read, 2 bits of entropy available)
[    7.896591] random: udevadm: uninitialized urandom read (16 bytes read, 2 bits of entropy available)
[    7.896701] random: udevadm: uninitialized urandom read (16 bytes read, 2 bits of entropy available)
[    8.471999] e1000: Intel(R) PRO/1000 Network Driver - version 7.3.21-k8-NAPI
[    8.510787] e1000: Copyright (c) 1999-2006 Intel Corporation.
[    8.531898] Fusion MPT base driver 3.04.20
[    8.540292] Copyright (c) 1999-2008 LSI Corporation
[    8.552982] Fusion MPT SPI Host driver 3.04.20
[    8.581908] AVX version of gcm_enc/dec engaged.
[    8.599334] AES CTR mode by8 optimization enabled
[    8.751000] input: ImExPS/2 Generic Explorer Mouse as /devices/platform/i8042/serio1/input/input4
[    8.952704] e1000 0000:00:03.0 eth0: (PCI:33MHz:32-bit) 02:03:81:8c:20:c6
[    8.966470] e1000 0000:00:03.0 eth0: Intel(R) PRO/1000 Network Connection
[    9.390962] e1000 0000:00:08.0 eth1: (PCI:33MHz:32-bit) 08:00:27:97:25:14
[    9.433954] e1000 0000:00:08.0 eth1: Intel(R) PRO/1000 Network Connection
[    9.438627] e1000 0000:00:03.0 enp0s3: renamed from eth0
[    9.441324] mptbase: ioc0: Initiating bringup
[    9.482140] e1000 0000:00:08.0 enp0s8: renamed from eth1
[    9.519225] ioc0: LSI53C1030 A0: Capabilities={Initiator}
[    9.683314] scsi host2: ioc0: LSI53C1030 A0, FwRev=00000000h, Ports=1, MaxQ=256, IRQ=20
[    9.898034] scsi 2:0:0:0: Direct-Access     VBOX     HARDDISK         1.0  PQ: 0 ANSI: 5
[    9.936210] scsi target2:0:0: Beginning Domain Validation
[    9.963184] scsi target2:0:0: Domain Validation skipping write tests
[   10.019570] scsi target2:0:0: Ending Domain Validation
[   10.020771] scsi target2:0:0: asynchronous
[   10.022251] scsi 2:0:1:0: Direct-Access     VBOX     HARDDISK         1.0  PQ: 0 ANSI: 5
[   10.068804] scsi target2:0:1: Beginning Domain Validation
[   10.102133] scsi target2:0:1: Domain Validation skipping write tests
[   10.105629] scsi target2:0:1: Ending Domain Validation
[   10.106970] scsi target2:0:1: asynchronous
[   10.150511] sd 2:0:0:0: [sda] 20971520 512-byte logical blocks: (10.7 GB/10.0 GiB)
[   10.150528] sd 2:0:0:0: Attached scsi generic sg0 type 0
[   10.211402] sd 2:0:0:0: [sda] Write Protect is off
[   10.212028] sd 2:0:1:0: [sdb] 20480 512-byte logical blocks: (10.5 MB/10.0 MiB)
[   10.212207] sd 2:0:1:0: [sdb] Write Protect is off
[   10.212291] sd 2:0:1:0: [sdb] Incomplete mode parameter data
[   10.212292] sd 2:0:1:0: [sdb] Assuming drive cache: write through
[   10.221335] sd 2:0:1:0: Attached scsi generic sg1 type 0
[   10.251759] sd 2:0:0:0: [sda] Incomplete mode parameter data
[   10.260243] sd 2:0:0:0: [sda] Assuming drive cache: write through
[   10.307109]  sda: sda1
[   10.308356] sd 2:0:1:0: [sdb] Attached SCSI disk
[   10.382178] sd 2:0:0:0: [sda] Attached SCSI disk
[   11.489446] floppy0: no floppy controllers found
Begin: Loading e[   13.021260] md: linear personality registered for level -1
ssential drivers ... [   13.027924] md: multipath personality registered for level -4
[   13.035611] md: raid0 personality registered for level 0
[   13.050669] md: raid1 personality registered for level 1
[   13.137000] raid6: sse2x1   gen()  5819 MB/s
[   13.213043] raid6: sse2x1   xor()  4400 MB/s
[   13.281095] raid6: sse2x2   gen()  6707 MB/s
[   13.357159] raid6: sse2x2   xor()  5485 MB/s
[   13.425182] raid6: sse2x4   gen()  9583 MB/s
[   13.493269] raid6: sse2x4   xor()  7051 MB/s
[   13.499801] raid6: using algorithm sse2x4 gen() 9583 MB/s
[   13.500991] raid6: .... xor() 7051 MB/s, rmw enabled
[   13.502209] raid6: using ssse3x2 recovery algorithm
[   13.509033] xor: automatically using best checksumming function:
[   13.561277]    avx       : 13642.000 MB/sec
[   13.566121] async_tx: api initialized (async)
[   13.584647] md: raid6 personality registered for level 6
[   13.591933] md: raid5 personality registered for level 5
[   13.594636] md: raid4 personality registered for level 4
[   13.606510] md: raid10 personality registered for level 10
done.
Begin: Running /scripts/init-premount ... done.
Begin: Mounting root file system ... Begin: Running /scripts/local-top ... done.
Begin: Running /scripts/local-premount ... [   13.657774] Btrfs loaded
Scanning for Btrfs filesystems
done.
Warning: fsck not present, so skipping root file system
[   13.851027] EXT4-fs (sda1): mounted filesystem with ordered data mode. Opts: (null)
done.
Begin: Running /scripts/local-bottom ... done.
Begin: Running /scripts/init-bottom ... done.
[   14.530330] random: nonblocking pool is initialized
[   14.941232] systemd[1]: systemd 229 running in system mode. (+PAM +AUDIT +SELINUX +IMA +APPARMOR +SMACK +SYSVINIT +UTMP +LIBCRYPTSETUP +GCRYPT +GNUTLS +ACL +XZ -LZ4 +SECCOMP +BLKID +ELFUTILS +KMOD -IDN)
[   15.032238] systemd[1]: Detected virtualization oracle.
[   15.040229] systemd[1]: Detected architecture x86-64.

Welcome to [1mUbuntu 16.04.2 LTS[0m!

[   15.154189] systemd[1]: Set hostname to <ubuntu>.
[   15.249522] systemd[1]: Initializing machine ID from random generator.
[   15.302061] systemd[1]: Installed transient /etc/machine-id file.
[   16.948621] systemd[1]: Listening on udev Kernel Socket.
[[0;32m  OK  [0m] Listening on udev Kernel Socket.
[   16.997255] systemd[1]: Set up automount Arbitrary Executable File Formats File System Automount Point.
[[0;32m  OK  [0m] Set up automount Arbitrary Executab...ats File System Automount Point.
[   17.085174] systemd[1]: Reached target Swap.
[[0;32m  OK  [0m] Reached target Swap.
[   17.123360] systemd[1]: Listening on /dev/initctl Compatibility Named Pipe.
[[0;32m  OK  [0m] Listening on /dev/initctl Compatibility Named Pipe.
[   17.149329] systemd[1]: Listening on Journal Socket.
[[0;32m  OK  [0m] Listening on Journal Socket.
[   17.177372] systemd[1]: Started Forward Password Requests to Wall Directory Watch.
[[0;32m  OK  [0m] Started Forward Password Requests to Wall Directory Watch.
[   17.261066] systemd[1]: Reached target User and Group Name Lookups.
[[0;32m  OK  [0m] Reached target User and Group Name Lookups.
[   17.347409] systemd[1]: Created slice System Slice.
[[0;32m  OK  [0m] Created slice System Slice.
[   17.425055] systemd[1]: Starting Remount Root and Kernel File Systems...
         Starting Remount Root and Kernel File Systems...
[   17.508631] EXT4-fs (sda1): re-mounted. Opts: (null)
[   17.545351] systemd[1]: Starting Create list of required static device nodes for the current kernel...
         Starting Create list of required st... nodes for the current kernel...
[   17.617139] systemd[1]: Mounting POSIX Message Queue File System...
         Mounting POSIX Message Queue File System...
[   17.705896] systemd[1]: Starting Set console keymap...
         Starting Set console keymap...
[   17.761134] systemd[1]: Mounting Huge Pages File System...
         Mounting Huge Pages File System...
[   17.829936] systemd[1]: Mounting Debug File System...
         Mounting Debug File System...
[   17.913531] systemd[1]: Starting Uncomplicated firewall...
         Starting Uncomplicated firewall...
[   17.932331] systemd[1]: Starting Nameserver information manager...
         Starting Nameserver information manager...
[   17.957151] systemd[1]: Listening on LVM2 metadata daemon socket.
[[0;32m  OK  [0m] Listening on LVM2 metadata daemon socket.
[   17.983308] systemd[1]: Listening on Journal Socket (/dev/log).
[[0;32m  OK  [0m] Listening on Journal Socket (/dev/log).
[   18.009846] systemd[1]: Created slice User and Session Slice.
[[0;32m  OK  [0m] Created slice User and Session Slice.
[   18.081563] systemd[1]: Starting Load Kernel Modules...
         Starting Load Kernel Modules...
[   18.114029] systemd[1]: Created slice system-serial\x2dgetty.slice.
[[0;32m  OK  [0m] Created slice system-serial\x2dgetty.slice.
[   18.204941] systemd[1]: Listening on Device-mapper event daemon FIFOs.
[[0;32m  OK  [0m] Listening on[   18.237319] Loading iSCSI transport class v2.0-870.
 Device-mapper event daemon FIFOs.
[   18.265138] systemd[1]: Starting Monitoring of LVM2 mirrors, snapshots etc. using dmeventd or progress polling...
         Starting Monitoring of LVM2 mirrors... dmeventd or progress polling...
[   18.325490] systemd[1]: Reached target Encrypted Volumes.
[[0;32m  OK  [[   18.339472] iscsi: registered transport (tcp)
0m] Reached target Encrypted Volumes.
[   18.405225] systemd[1]: Listening on Journal Audit Socket.
[[0;32m  OK  [0m] Listening on Journal Audit Socket.
[   18.453220] systemd[1]: Listening on Syslog Socket.
[[0;32m  OK  [0m] Listening on Syslog Socket.
[   18.521274] systemd[1]: Starting Journal Service...
         Starting Journal Service...
[   18.554268] iscsi: registered transport (iser)
[   18.569128] systemd[1]: Reached target Slices.
[[0;32m  OK  [0m] Reached target Slices.
[   18.585337] systemd[1]: Listening on udev Control Socket.
[[0;32m  OK  [0m] Listening on udev Control Socket.
[   18.615315] systemd[1]: Listening on LVM2 poll daemon socket.
[[0;32m  OK  [0m] Listening on LVM2 poll daemon socket.
[   18.642289] systemd[1]: Mounted Debug File System.
[[0;32m  OK  [0m] Mounted Debug File System.
[   18.681208] systemd[1]: Mounted Huge Pages File System.
[[0;32m  OK  [0m] Mounted Huge Pages File System.
[   18.713136] systemd[1]: Mounted POSIX Message Queue File System.
[[0;32m  OK  [0m] Mounted POSIX Message Queue File System.
[   18.753833] systemd[1]: Started Journal Service.
[[0;32m  OK  [0m] Started Journal Service.
[[0;32m  OK  [0m] Started Remount Root and Kernel File Systems.
[[0;32m  OK  [0m] Started Create list of required sta...ce nodes for the current kernel.
[[0;32m  OK  [0m] Started Set console keymap.
[[0;32m  OK  [0m] Started Uncomplicated firewall.
[[0;32m  OK  [0m] Started Load Kernel Modules.
[[0;32m  OK  [0m] Started Nameserver information manager.
[[0;32m  OK  [0m] Started LVM2 metadata daemon.
         Starting Apply Kernel Variables...
         Mounting FUSE Control File System...
         Starting Create Static Device Nodes in /dev...
         Starting udev Coldplug all Devices...
         Starting Initial cloud-init job (pre-networking)...
         Starting Load/Save Random Seed...
         Starting Flush Journal to Persistent Storage...
[[0;32m  OK  [0m] Mounted FUSE Control File System.
[[0;32m  OK  [0m] Started Apply Kernel Variables.
[[0;32m  OK  [0m] Started udev Coldplug all Devices.
[[0;32m  OK  [0m] Started Load/Save Random Seed.
[[0;32m  OK  [0m] Started Flush Journal to Persistent Storage.
[[0;32m  OK  [0m] Started Monitoring of LVM2 mirrors,...ng dmeventd or progress polling.
[[0;32m  OK  [0m] Started Create Static Device Nodes in /dev.
         Starting udev Kernel Device Manager...
[[0;32m  OK  [0m] Started udev Kernel Device Manager.
[[0;32m  OK  [0m] Started Dispatch Password Requests to Console Directory Watch.
[[0;32m  OK  [0m] Reached target Local File Systems (Pre).
[[0;32m  OK  [0m] Reached target Local File Systems.
         Starting Tell Plymouth To Write Out Runtime Data...
         Starting Set console font and keymap...
         Starting LSB: AppArmor initialization...
         Starting Create Volatile Files and Directories...
         Starting Commit a transient machine-id on disk...
[[0;32m  OK  [0m] Found device /dev/ttyS0.
[[0;32m  OK  [0m] Started Commit a transient machine-id on disk.
[[0;32m  OK  [0m] Started Tell Plymouth To Write Out Runtime Data.
[[0;32m  OK  [0m] Started Create Volatile Files and Directories.
[[0;32m  OK  [0m] Reached target System Time Synchronized.
         Starting Update UTMP about System Boot/Shutdown...
[[0;32m  OK  [0m] Started Update UTMP about System Boot/Shutdown.
[[0;32m  OK  [0m] Listening on Load/Save RF Kill Switch Status /dev/rfkill Watch.
[[0;32m  OK  [0m] Started Set console font and keymap.
[[0;32m  OK  [0m] Created slice system-getty.slice.
[[0;32m  OK  [0m] Started LSB: AppArmor initialization.
[   24.163285] cloud-init[459]: Cloud-init v. 0.7.9 running 'init-local' at Fri, 21 Apr 2017 09:26:25 +0000. Up 23.61 seconds.
[[0;32m  OK  [0m] Started Initial cloud-init job (pre-networking).
[[0;32m  OK  [0m] Reached target Network (Pre).
         Starting Raise network interfaces...
[[0;32m  OK  [0m] Started Raise network interfaces.
         Starting Initial cloud-init job (metadata service crawler)...
[[0;32m  OK  [0m] Reached target Network.
[   27.804187] cloud-init[972]: Cloud-init v. 0.7.9 running 'init' at Fri, 21 Apr 2017 09:26:26 +0000. Up 25.15 seconds.
[   27.850446] cloud-init[972]: ci-info: +++++++++++++++++++++++++++++++++++++Net device info++++++++++++++++++++++++++++++++++++++
[   27.940450] [cloud-init[0;32m  OK  [0m[972]: ] ci-info: +--------+-------+---------------------------+---------------+-------+-------------------+Started Initial cloud-init job (metadata service crawler).

[   27.940861] cloud-init[972]: ci-info: | Device |   Up  |          Address          |      Mask     | Scope |     Hw-Address    |
[   28.140698] [cloud-init[0;32m  OK  [0m[972]: ] ci-info: +--------+-------+---------------------------+---------------+-------+-------------------+Reached target Network is Online.

[   28.256496]          cloud-initStarting iSCSI initiator daemon (iscsid)...[972]: 
ci-info: | enp0s8 | False |             .             |       .       |   .   | 08:00:27:97:25:14 |
[[   28.376852] [0;32m  OK  [0mcloud-init] [972]: Reached target Cloud-config availability.ci-info: |   lo   |  True |         127.0.0.1         |   255.0.0.0   |   .   |         .         |

[   28.377164] [cloud-init[0;32m  OK  [0m[972]: ] ci-info: |   lo   |  True |          ::1/128          |       .       |  host |         .         |Reached target System Initialization.

[   28.588561] [cloud-init[0;32m  OK  [0m[972]: ] ci-info: | enp0s3 |  True |         10.0.2.15         | 255.255.255.0 |   .   | 02:03:81:8c:20:c6 |Started Daily Cleanup of Temporary Directories.

[[   28.589065] [0;32m  OK  [0mcloud-init] [972]: Started Timer to automatically refresh installed snaps.ci-info: | enp0s3 |  True | fe80::3:81ff:fe8c:20c6/64 |       .       |  link | 02:03:81:8c:20:c6 |

[   28.851254] [cloud-init[0;32m  OK  [0m[972]: ] ci-info: +--------+-------+---------------------------+---------------+-------+-------------------+Listening on D-Bus System Message Bus Socket.

[[   28.851722] [0;32m  OK  [0mcloud-init] [972]: Started Trigger resolvconf update for networkd DNS.ci-info: +++++++++++++++++++++++++++Route IPv4 info++++++++++++++++++++++++++++

[   29.128316] [cloud-init[0;32m  OK  [0m[972]: ] ci-info: +-------+-------------+----------+---------------+-----------+-------+Listening on ACPID Listen Socket.

[   29.128766] cloud-init[972]: ci-info: | Route | Destination | Gateway  |    Genmask    | Interface | Flags |
[   29.256226]          cloud-initStarting LXD - unix socket.[972]: 
ci-info: +-------+-------------+----------+---------------+-----------+-------+
[   29.273823]          cloud-initStarting Socket activation for snappy daemon.[972]: 
ci-info: |   0   |   0.0.0.0   | 10.0.2.2 |    0.0.0.0    |   enp0s3  |   UG  |
[   29.292726] [cloud-init[0;32m  OK  [0m[972]: ] ci-info: |   1   |   10.0.2.0  | 0.0.0.0  | 255.255.255.0 |   enp0s3  |   U   |Started Daily apt activities.

[   29.293215] [cloud-init[0;32m  OK  [0m[972]: ] ci-info: +-------+-------------+----------+---------------+-----------+-------+Reached target Timers.

[   29.331932] cloud-init[972]: Generating public/private rsa key pair.
[   29.396778] cloud-init[972]: Your identification has been saved in /etc/ssh/ssh_host_rsa_key.
[   29.408819] [cloud-init[0;32m  OK  [0m[972]: ] Your public key has been saved in /etc/ssh/ssh_host_rsa_key.pub.Started ACPI Events Check.

[   29.409303] [cloud-init[0;32m  OK  [0m[972]: ] The key fingerprint is:Reached target Paths.

[[0;32m  OK  [0m] Listening on UUID daemon activation socket.
[   29.431775] cloud-init[972]: SHA256:mT9fNHlIcXiQ4ze7+3zxiNUR5xNu+1GmViQtXRWHm8g root@ubuntu-xenial
[   29.463013] [cloud-init[0;32m  OK  [0m[972]: ] The key's randomart image is:Listening on LXD - unix socket.

[[   29.463472] [0;32m  OK  [0mcloud-init] [972]: Listening on Socket activation for snappy daemon.+---[RSA 2048]----+

[   29.501064] [cloud-init[0;32m  OK  [0m[972]: ] |              oOO|Reached target Sockets.

[[0;32m  OK  [0m] Reached target Basic System.
[   29.515392] cloud-init[972]: |              B=B|
[   29.526285] cloud-init[972]: |           . ooX+|
[   29.528817] cloud-init[972]: |         o  E.+O*|
[   29.534873] cloud-init[972]: |        S     **O|
[   29.537514] cloud-init[972]: |         .   .+B.|
[   29.541847] cloud-init[972]: |          o  +..*|
[   29.552307] cloud-init[972]: |           o...o+|
[   29.558781] cloud-init[972]: |            .  .*|
[[0;32m  OK  [0m] Started D-Bus System Message Bus.
[   29.565105] cloud-init[972]: +----[SHA256]-----+
[   29.576682] cloud-init[972]: Generating public/private dsa key pair.
[   29.586128] cloud-init[972]: Your identification has been saved in /etc/ssh/ssh_host_dsa_key.
[   29.608291] cloud-init[972]: Your public key has been saved in /etc/ssh/ssh_host_dsa_key.pub.
[   29.615863] cloud-init[972]: The key fingerprint is:
[   29.632830] cloud-init[972]: SHA256:2h4gsekNhTnrupgge2iHXkmTjMHIpMdHxqIxPW3Aqhg root@ubuntu-xenial
[   29.661169] cloud-init[972]: The key's randomart image is:
[   29.672686] cloud-init[972]: +---[DSA 1024]----+
[   29.681593] cloud-init[972]: | +.+o            |
[   29.687021] cloud-init[972]: |O.=o+o           |
[   29.700495] cloud-init[972]: |oOo+* .          |
[   29.712408] cloud-init[972]: |E.+..B           |
[   29.728457] cloud-init[972]: |oo =* . S        |
[   29.744460] cloud-init[972]: |o .oo+ +         |
[   29.756584] cloud-init[972]: |o..oo o o        |
[   29.768751] cloud-init[972]: |+*oo   . .       |
[   29.784520] cloud-init[972]: |*o+.    .        |
         [   29.792360] Starting Pollinate to seed the pseudo random number generator...cloud-init
[972]: +----[SHA256]-----+
[   29.804505]          cloud-initStarting LSB: Record successful boot for GRUB...[972]: 
Generating public/private ecdsa key pair.
[   29.815160]          cloud-initStarting Accounts Service...[972]: 
Your identification has been saved in /etc/ssh/ssh_host_ecdsa_key.
[   29.831533] cloud-init[972]: Your public key has been saved in /etc/ssh/ssh_host_ecdsa_key.pub.
[   29.838511] cloud-init[972]: The key fingerprint is:
[   29.852596] cloud-init[972]: SHA256:a68jQTv9wMWjPcwW4CtMrOtmKXV6AZYCWhIMQEAl4+A root@ubuntu-xenial
[   29.861335] cloud-init[972]: The key's randomart image is:
[   29.865086] cloud-init[972]: +---[ECDSA 256]---+
[   29.868771] cloud-init[972]: |&*..             |
[   29.875096] cloud-init[972]: |*.+     .        |
[   29.888628] cloud-init[972]: |.E   o . o       |
[   29.928715] [cloud-init[0;32m  OK  [0m[972]: ] |. . + + . =      |Started Regular background program processing daemon.

[   29.981463]          cloud-initStarting Login Service...[972]: 
|   o * +SB o     |
[   30.040426] [cloud-init[0;32m  OK  [0m[972]: ] |    o O *.*      |Started Deferred execution scheduler.

[   30.122424] [cloud-init[0;32m  OK  [0m[972]: ] |   . = =o+ .     |Started ACPI event daemon.

[   30.123153] cloud-init[972]: |  . * o....      |
[   30.220493] cloud-init[972]: |   =.. ..o.      |
[   30.256276] [cloud-init[0;32m  OK  [0m[972]: ] +----[SHA256]-----+Started Snappy daemon.

[   30.256832] cloud-init[972]: Generating public/private ed25519 key pair.
[   30.352518]          cloud-initStarting Auto import assertions from block devices...[972]: 
Your identification has been saved in /etc/ssh/ssh_host_ed25519_key.
[   30.448733]          cloud-initStarting Apply the settings specified in cloud-config...[972]: 
Your public key has been saved in /etc/ssh/ssh_host_ed25519_key.pub.
[   30.517204] [cloud-init[0;32m  OK  [0m[972]: ] The key fingerprint is:Started FUSE filesystem for LXC.

[   30.517672] cloud-init[972]: SHA256:kXqS21Z0ZJxLaV6wQc1qNrK7XcL0OTv6SuDxiC+MorI root@ubuntu-xenial
[   30.544895]          cloud-initStarting LSB: MD monitoring daemon...[972]: 
The key's randomart image is:
[   30.595747]          cloud-initStarting /etc/rc.local Compatibility...[972]: 
+--[ED25519 256]--+
[   30.598954] cloud-init[972]: |           o**   |
[   30.602285] cloud-init[972]: |         . o*o+  |
[   30.618961]          cloud-initStarting System Logging Service...[972]: 
|        o .+o+   |
[   30.628587]          cloud-initStarting LXD - container startup/shutdown...[972]: 
|       o o..B    |
[[   30.637124] [0;32m  OK  [0mcloud-init] [972]: Started iSCSI initiator daemon (iscsid).|      + S +=..   |

[   30.637530] cloud-init[972]: |       = +.B . . |
[   30.668395] cloud-init[972]: |      .o+ o.= =  |
[[0;32m  OK  [0m] Started Auto import assertions from block devices.
[   30.669059] cloud-init[972]: |.   . ..o..o o.o |
[   30.708152] [cloud-init[0;32m  OK  [0m[972]: ] |Eo.. .   .o.++o. |Started /etc/rc.local Compatibility.

[   30.708696] cloud-init[972]: +----[SHA256]-----+
         Starting Login to default iSCSI targets...
[[0;32m  OK  [0m] Started Login Service.
[[0;32m  OK  [0m] Started LSB: Record successful boot for GRUB.
[[0;32m  OK  [0m] Started Login to default iSCSI targets.
[[0;32m  OK  [0m] Reached target Remote File Systems (Pre).
[[0;32m  OK  [0m] Reached target Remote File Systems.
         Starting LSB: Set the CPU Frequency Scaling governor to "ondemand"...
         Starting LSB: daemon to balance interrupts for SMP systems...
         Starting Permit User Sessions...
         Starting LSB: automatic crash report generation...
         Starting LSB: VirtualBox Linux Additions...
[[0;32m  OK  [0m] Started LSB: Set the CPU Frequency Scaling governor to "ondemand".
[[0;32m  OK  [0m] Started Permit User Sessions.
         Starting Terminate Plymouth Boot Screen...
         Starting Hold until boot process finishes up...
[[0;32m  OK  [0m] Started LSB: automatic crash report generation.
[[0;32m  OK  [0m] Started Terminate Plymouth Boot Screen.
[[0;32m  OK  [0m] Started Hold until boot process finishes up.
[[0;32m  OK  [0m] Started LSB: daemon to balance interrupts for SMP systems.
[[0;32m  OK  [0m] Started Serial Getty on ttyS0.
[   32.067982] cloud-init[1107]: Generating locales (this might take a while)...
[[0;32m  OK  [0m] Started Getty on tty1.
[[0;32m  OK  [0m] Reached target Login Prompts.
         Starting Set console scheme...
[[0;32m  OK  [0m] Started System Logging Service.
[[0;32m  OK  [0m] Started LSB: MD monitoring daemon.
[[0;32m  OK  [0m] Started Set console scheme.
         Starting Authenticate and Authorize Users to Run Privileged Tasks...
[[0;32m  OK  [0m] Started Authenticate and Authorize Users to Run Privileged Tasks.
[[0;32m  OK  [0m] Started Accounts Service.
[[0;32m  OK  [0m] Started LSB: VirtualBox Linux Additions.
[[0;32m  OK  [0m] Started Pollinate to seed the pseudo random number generator.
         Starting OpenBSD Secure Shell server...
[   35.998468] cloud-init[1107]:   en_US.UTF-8... done
[   36.028390] cloud-init[1107]: Generation complete.
[[0;32m  OK  [0m] Started OpenBSD Secure Shell server.
[[0;32m  OK  [0m] Started LXD - container startup/shutdown.
[[0;32m  OK  [0m] Reached target Multi-User System.
[[0;32m  OK  [0m] Reached target Graphical Interface.
         Starting Update UTMP about System Runlevel Changes...
[[0;32m  OK  [0m] Started Update UTMP about System Runlevel Changes.

Ubuntu 16.04.2 LTS ubuntu-xenial ttyS0

ubuntu-xenial login: [   39.127888] cloud-init[1107]: Cloud-init v. 0.7.9 running 'modules:config' at Fri, 21 Apr 2017 09:26:32 +0000. Up 30.87 seconds.
ci-info: no authorized ssh keys fingerprints found for user ubuntu.
<14>Apr 21 09:26:41 ec2: 
<14>Apr 21 09:26:41 ec2: #############################################################
<14>Apr 21 09:26:41 ec2: -----BEGIN SSH HOST KEY FINGERPRINTS-----
<14>Apr 21 09:26:41 ec2: 1024 SHA256:2h4gsekNhTnrupgge2iHXkmTjMHIpMdHxqIxPW3Aqhg root@ubuntu-xenial (DSA)
<14>Apr 21 09:26:41 ec2: 256 SHA256:a68jQTv9wMWjPcwW4CtMrOtmKXV6AZYCWhIMQEAl4+A root@ubuntu-xenial (ECDSA)
<14>Apr 21 09:26:41 ec2: 256 SHA256:kXqS21Z0ZJxLaV6wQc1qNrK7XcL0OTv6SuDxiC+MorI root@ubuntu-xenial (ED25519)
<14>Apr 21 09:26:41 ec2: 2048 SHA256:mT9fNHlIcXiQ4ze7+3zxiNUR5xNu+1GmViQtXRWHm8g root@ubuntu-xenial (RSA)
<14>Apr 21 09:26:41 ec2: -----END SSH HOST KEY FINGERPRINTS-----
<14>Apr 21 09:26:41 ec2: #############################################################
-----BEGIN SSH HOST KEY KEYS-----
ecdsa-sha2-nistp256 AAAAE2VjZHNhLXNoYTItbmlzdHAyNTYAAAAIbmlzdHAyNTYAAABBBAm45UvMkIdwq4h0XM1GdFxrZk1RWiG0yl4O0pAbi2syHWPRne4QQv0r0wrdwItPMSokWzsDhsjpS7Gw/HEYPg0= root@ubuntu-xenial
ssh-ed25519 AAAAC3NzaC1lZDI1NTE5AAAAIH/x4QlyBVyAQf/YqCPyU7bzirYu7UcgEbBgO9VLPDvs root@ubuntu-xenial
ssh-rsa AAAAB3NzaC1yc2EAAAADAQABAAABAQCfRrB0hKcCZMJ2Xsf+TDQs1bLIobZXdxBPqzXrUrg8mrW/2i9AShRTVqoOLsu67ZYKIIaexyOFQaoUAc7pw2UH0aHT9p1y4RbWIGn06+bNVszWynJsCECgYZFC0gOLiUAz+KPTY4J4JFxkIEkY+/YKTdrKn4i4qmr3PF/Nmk3ysPNvF3NpC7k690WBJdu5Ss11Jc92JG1+N1Zwu1euLU0VAKWpVvVAaCXuSRe3vv8BHiVplDCzV+9ZLxd/HtWnDUW0hVdeOzWlo8L8Kxn2ura/PAwRdZQEppkKAT1KaiMTek4ruHd88H3uRJaE7+u5eIzWBQGCi/i00WXDEXsaCLnt root@ubuntu-xenial
-----END SSH HOST KEY KEYS-----
[   39.954859] cloud-init[1336]: Cloud-init v. 0.7.9 running 'modules:final' at Fri, 21 Apr 2017 09:26:41 +0000. Up 39.66 seconds.
[   39.955180] cloud-init[1336]: ci-info: no authorized ssh keys fingerprints found for user ubuntu.
[   39.955362] cloud-init[1336]: Cloud-init v. 0.7.9 finished at Fri, 21 Apr 2017 09:26:41 +0000. Datasource DataSourceNoCloud [seed=/dev/sdb][dsmode=net].  Up 39.93 seconds
