\BOOKMARK [1][-]{section.1}{System\374berblick}{}% 1
\BOOKMARK [1][-]{section.2}{Use Cases}{}% 2
\BOOKMARK [2][-]{subsection.2.1}{Akteure}{section.2}% 3
\BOOKMARK [3][-]{subsubsection.2.1.1}{Mitarbeiter}{subsection.2.1}% 4
\BOOKMARK [3][-]{subsubsection.2.1.2}{aktiver Elternteil}{subsection.2.1}% 5
\BOOKMARK [3][-]{subsubsection.2.1.3}{inaktiver Elternteil}{subsection.2.1}% 6
\BOOKMARK [3][-]{subsubsection.2.1.4}{System}{subsection.2.1}% 7
\BOOKMARK [2][-]{subsection.2.2}{Use-Case-Diagramm}{section.2}% 8
\BOOKMARK [2][-]{subsection.2.3}{Use-Case Anmelden}{section.2}% 9
\BOOKMARK [2][-]{subsection.2.4}{Use-Case Abmelden}{section.2}% 10
\BOOKMARK [2][-]{subsection.2.5}{Use-Case Maximalbelegung eintragen}{section.2}% 11
\BOOKMARK [2][-]{subsection.2.6}{Use-Case Feiertage und Ferienzeiten eintragen}{section.2}% 12
\BOOKMARK [2][-]{subsection.2.7}{Use-Case Kind anmelden}{section.2}% 13
\BOOKMARK [2][-]{subsection.2.8}{Use-Case Kind abmelden}{section.2}% 14
\BOOKMARK [2][-]{subsection.2.9}{Use-Case Benutzerdaten \344ndern}{section.2}% 15
\BOOKMARK [2][-]{subsection.2.10}{Use-Case Daten drucken}{section.2}% 16
\BOOKMARK [2][-]{subsection.2.11}{Use-Case Daten exportieren}{section.2}% 17
\BOOKMARK [2][-]{subsection.2.12}{Use-Case Elternteil registrieren}{section.2}% 18
\BOOKMARK [2][-]{subsection.2.13}{Use-Case Betreuungstage eintragen}{section.2}% 19
\BOOKMARK [2][-]{subsection.2.14}{Use-Case Kontaktliste einsehen}{section.2}% 20
\BOOKMARK [2][-]{subsection.2.15}{Use-Case Anlegen von Bezugspersonen}{section.2}% 21
\BOOKMARK [2][-]{subsection.2.16}{Use-Case L\366schen von Bezugspersonen \(Elternteil\)}{section.2}% 22
\BOOKMARK [2][-]{subsection.2.17}{Use-Case L\366schen von Bezugspersonen \(Elternteil\)}{section.2}% 23
\BOOKMARK [2][-]{subsection.2.18}{Use-Case Freischaltung der Bezugspersonen}{section.2}% 24
\BOOKMARK [2][-]{subsection.2.19}{Use-Case Kinderstammblatt einsehen \(Elternteil\)}{section.2}% 25
\BOOKMARK [2][-]{subsection.2.20}{Use-Case Kinderstammblatt einsehen \(Mitarbeiter\)}{section.2}% 26
\BOOKMARK [2][-]{subsection.2.21}{Use-Case Kinderstammblatt bearbeiten \(Elternteil\)}{section.2}% 27
\BOOKMARK [2][-]{subsection.2.22}{Use-Case Kinderstammblatt bearbeiten \(Mitarbeiter\)}{section.2}% 28
\BOOKMARK [2][-]{subsection.2.23}{Use-Case Tagesplaner einsehen}{section.2}% 29
\BOOKMARK [2][-]{subsection.2.24}{Use-Case Aufgaben der Eltern eintragen}{section.2}% 30
\BOOKMARK [2][-]{subsection.2.25}{Use-Case Einsehen der eigenen Aufgaben}{section.2}% 31
\BOOKMARK [2][-]{subsection.2.26}{Use-Case Auditlog einsehen}{section.2}% 32
\BOOKMARK [2][-]{subsection.2.27}{Use-Case Bring- und Abholzeiten eintragen \(Eltern\)}{section.2}% 33
\BOOKMARK [2][-]{subsection.2.28}{Use-Case Bring- und Abholzeiten eintragen \(Mitarbeiter\)}{section.2}% 34
\BOOKMARK [2][-]{subsection.2.29}{Use-Case Abwesenheit eintragen}{section.2}% 35
\BOOKMARK [2][-]{subsection.2.30}{Use-Case Mittagessen anmelden/abmelden}{section.2}% 36
\BOOKMARK [2][-]{subsection.2.31}{Use-Case Eigene Daten bearbeiten}{section.2}% 37
\BOOKMARK [2][-]{subsection.2.32}{Use-Case Anmeldung f\374r E-Mail-Benachrichtigungen}{section.2}% 38
\BOOKMARK [2][-]{subsection.2.33}{Use-Case Abmeldung von E-Mail-Benachrichtigungen}{section.2}% 39
\BOOKMARK [2][-]{subsection.2.34}{Use-Case Benachrichtigungen einsehen und bearbeiten}{section.2}% 40
\BOOKMARK [2][-]{subsection.2.35}{Use-Case Messageboard \366ffnen \(Sonderfunktion\)}{section.2}% 41
\BOOKMARK [2][-]{subsection.2.36}{Use-Case Nachricht auf Messageboard posten \(Sonderfunktion\)}{section.2}% 42
\BOOKMARK [2][-]{subsection.2.37}{Use-Case Privatnachricht senden \(Sonderfunktion\)}{section.2}% 43
\BOOKMARK [2][-]{subsection.2.38}{Use-Case Bildergalerie \366ffnen \(Sonderfunktion\)}{section.2}% 44
\BOOKMARK [2][-]{subsection.2.39}{Use-Case Bilder kommentieren \(Sonderfunktion\)}{section.2}% 45
\BOOKMARK [2][-]{subsection.2.40}{Use-Case Personen suchen}{section.2}% 46
\BOOKMARK [1][-]{section.3}{Klassendiagramm}{}% 47
\BOOKMARK [2][-]{subsection.3.1}{Klassendiagramm}{section.3}% 48
\BOOKMARK [2][-]{subsection.3.2}{Child}{section.3}% 49
\BOOKMARK [2][-]{subsection.3.3}{Employee}{section.3}% 50
\BOOKMARK [2][-]{subsection.3.4}{Nursery}{section.3}% 51
\BOOKMARK [2][-]{subsection.3.5}{User}{section.3}% 52
\BOOKMARK [1][-]{section.4}{Software Stack}{}% 53
\BOOKMARK [2][-]{subsection.4.1}{Spring Framework}{section.4}% 54
\BOOKMARK [2][-]{subsection.4.2}{Prime Faces/ CSS}{section.4}% 55
\BOOKMARK [2][-]{subsection.4.3}{H2}{section.4}% 56
\BOOKMARK [2][-]{subsection.4.4}{Testen}{section.4}% 57
\BOOKMARK [2][-]{subsection.4.5}{Version Control}{section.4}% 58
\BOOKMARK [1][-]{section.5}{GUI-Prototypen}{}% 59
\BOOKMARK [2][-]{subsection.5.1}{Loginseite}{section.5}% 60
\BOOKMARK [2][-]{subsection.5.2}{Templateseite Elternteil}{section.5}% 61
\BOOKMARK [2][-]{subsection.5.3}{Templateseite Mitarbeiter}{section.5}% 62
\BOOKMARK [2][-]{subsection.5.4}{Templateseite Kontaktliste}{section.5}% 63
\BOOKMARK [2][-]{subsection.5.5}{Templateseite Daten bearbeiten}{section.5}% 64
\BOOKMARK [2][-]{subsection.5.6}{Templateseite Stammblatt}{section.5}% 65
\BOOKMARK [2][-]{subsection.5.7}{Templateseite Tagesplaner}{section.5}% 66
\BOOKMARK [2][-]{subsection.5.8}{Templateseite Messageboard}{section.5}% 67
\BOOKMARK [2][-]{subsection.5.9}{Templateseite Auditlog}{section.5}% 68
\BOOKMARK [2][-]{subsection.5.10}{Templateseite Bildergalerie}{section.5}% 69
\BOOKMARK [2][-]{subsection.5.11}{Templateseite Bildergalerie Detail}{section.5}% 70
\BOOKMARK [1][-]{section.6}{Projektplan}{}% 71
\BOOKMARK [2][-]{subsection.6.1}{Arbeitsaufteilung}{section.6}% 72
\BOOKMARK [2][-]{subsection.6.2}{Meilensteine}{section.6}% 73
