This is pdfTeX, Version 3.14159265-2.6-1.40.16 (TeX Live 2015/Debian) (preloaded format=pdflatex 2016.6.30)  5 APR 2017 03:17
entering extended mode
 restricted \write18 enabled.
 %&-line parsing enabled.
**konzept_ASN_finalversion.tex
(./konzept_ASN_finalversion.tex
LaTeX2e <2016/02/01>
Babel <3.9q> and hyphenation patterns for 81 language(s) loaded.
(/usr/share/texlive/texmf-dist/tex/latex/base/article.cls
Document Class: article 2014/09/29 v1.4h Standard LaTeX document class
(/usr/share/texlive/texmf-dist/tex/latex/base/size10.clo
File: size10.clo 2014/09/29 v1.4h Standard LaTeX file (size option)
)
\c@part=\count79
\c@section=\count80
\c@subsection=\count81
\c@subsubsection=\count82
\c@paragraph=\count83
\c@subparagraph=\count84
\c@figure=\count85
\c@table=\count86
\abovecaptionskip=\skip41
\belowcaptionskip=\skip42
\bibindent=\dimen102
)
(/usr/share/texlive/texmf-dist/tex/latex/base/inputenc.sty
Package: inputenc 2015/03/17 v1.2c Input encoding file
\inpenc@prehook=\toks14
\inpenc@posthook=\toks15

(/usr/share/texlive/texmf-dist/tex/latex/base/utf8.def
File: utf8.def 2015/12/03 v1.1r UTF-8 support for inputenc
Now handling font encoding OML ...
... no UTF-8 mapping file for font encoding OML
Now handling font encoding T1 ...
... processing UTF-8 mapping file for font encoding T1

(/usr/share/texlive/texmf-dist/tex/latex/base/t1enc.dfu
File: t1enc.dfu 2015/12/03 v1.1r UTF-8 support for inputenc
   defining Unicode char U+00A0 (decimal 160)
   defining Unicode char U+00A1 (decimal 161)
   defining Unicode char U+00A3 (decimal 163)
   defining Unicode char U+00AB (decimal 171)
   defining Unicode char U+00AD (decimal 173)
   defining Unicode char U+00BB (decimal 187)
   defining Unicode char U+00BF (decimal 191)
   defining Unicode char U+00C0 (decimal 192)
   defining Unicode char U+00C1 (decimal 193)
   defining Unicode char U+00C2 (decimal 194)
   defining Unicode char U+00C3 (decimal 195)
   defining Unicode char U+00C4 (decimal 196)
   defining Unicode char U+00C5 (decimal 197)
   defining Unicode char U+00C6 (decimal 198)
   defining Unicode char U+00C7 (decimal 199)
   defining Unicode char U+00C8 (decimal 200)
   defining Unicode char U+00C9 (decimal 201)
   defining Unicode char U+00CA (decimal 202)
   defining Unicode char U+00CB (decimal 203)
   defining Unicode char U+00CC (decimal 204)
   defining Unicode char U+00CD (decimal 205)
   defining Unicode char U+00CE (decimal 206)
   defining Unicode char U+00CF (decimal 207)
   defining Unicode char U+00D0 (decimal 208)
   defining Unicode char U+00D1 (decimal 209)
   defining Unicode char U+00D2 (decimal 210)
   defining Unicode char U+00D3 (decimal 211)
   defining Unicode char U+00D4 (decimal 212)
   defining Unicode char U+00D5 (decimal 213)
   defining Unicode char U+00D6 (decimal 214)
   defining Unicode char U+00D8 (decimal 216)
   defining Unicode char U+00D9 (decimal 217)
   defining Unicode char U+00DA (decimal 218)
   defining Unicode char U+00DB (decimal 219)
   defining Unicode char U+00DC (decimal 220)
   defining Unicode char U+00DD (decimal 221)
   defining Unicode char U+00DE (decimal 222)
   defining Unicode char U+00DF (decimal 223)
   defining Unicode char U+00E0 (decimal 224)
   defining Unicode char U+00E1 (decimal 225)
   defining Unicode char U+00E2 (decimal 226)
   defining Unicode char U+00E3 (decimal 227)
   defining Unicode char U+00E4 (decimal 228)
   defining Unicode char U+00E5 (decimal 229)
   defining Unicode char U+00E6 (decimal 230)
   defining Unicode char U+00E7 (decimal 231)
   defining Unicode char U+00E8 (decimal 232)
   defining Unicode char U+00E9 (decimal 233)
   defining Unicode char U+00EA (decimal 234)
   defining Unicode char U+00EB (decimal 235)
   defining Unicode char U+00EC (decimal 236)
   defining Unicode char U+00ED (decimal 237)
   defining Unicode char U+00EE (decimal 238)
   defining Unicode char U+00EF (decimal 239)
   defining Unicode char U+00F0 (decimal 240)
   defining Unicode char U+00F1 (decimal 241)
   defining Unicode char U+00F2 (decimal 242)
   defining Unicode char U+00F3 (decimal 243)
   defining Unicode char U+00F4 (decimal 244)
   defining Unicode char U+00F5 (decimal 245)
   defining Unicode char U+00F6 (decimal 246)
   defining Unicode char U+00F8 (decimal 248)
   defining Unicode char U+00F9 (decimal 249)
   defining Unicode char U+00FA (decimal 250)
   defining Unicode char U+00FB (decimal 251)
   defining Unicode char U+00FC (decimal 252)
   defining Unicode char U+00FD (decimal 253)
   defining Unicode char U+00FE (decimal 254)
   defining Unicode char U+00FF (decimal 255)
   defining Unicode char U+0100 (decimal 256)
   defining Unicode char U+0101 (decimal 257)
   defining Unicode char U+0102 (decimal 258)
   defining Unicode char U+0103 (decimal 259)
   defining Unicode char U+0104 (decimal 260)
   defining Unicode char U+0105 (decimal 261)
   defining Unicode char U+0106 (decimal 262)
   defining Unicode char U+0107 (decimal 263)
   defining Unicode char U+0108 (decimal 264)
   defining Unicode char U+0109 (decimal 265)
   defining Unicode char U+010A (decimal 266)
   defining Unicode char U+010B (decimal 267)
   defining Unicode char U+010C (decimal 268)
   defining Unicode char U+010D (decimal 269)
   defining Unicode char U+010E (decimal 270)
   defining Unicode char U+010F (decimal 271)
   defining Unicode char U+0110 (decimal 272)
   defining Unicode char U+0111 (decimal 273)
   defining Unicode char U+0112 (decimal 274)
   defining Unicode char U+0113 (decimal 275)
   defining Unicode char U+0114 (decimal 276)
   defining Unicode char U+0115 (decimal 277)
   defining Unicode char U+0116 (decimal 278)
   defining Unicode char U+0117 (decimal 279)
   defining Unicode char U+0118 (decimal 280)
   defining Unicode char U+0119 (decimal 281)
   defining Unicode char U+011A (decimal 282)
   defining Unicode char U+011B (decimal 283)
   defining Unicode char U+011C (decimal 284)
   defining Unicode char U+011D (decimal 285)
   defining Unicode char U+011E (decimal 286)
   defining Unicode char U+011F (decimal 287)
   defining Unicode char U+0120 (decimal 288)
   defining Unicode char U+0121 (decimal 289)
   defining Unicode char U+0122 (decimal 290)
   defining Unicode char U+0123 (decimal 291)
   defining Unicode char U+0124 (decimal 292)
   defining Unicode char U+0125 (decimal 293)
   defining Unicode char U+0128 (decimal 296)
   defining Unicode char U+0129 (decimal 297)
   defining Unicode char U+012A (decimal 298)
   defining Unicode char U+012B (decimal 299)
   defining Unicode char U+012C (decimal 300)
   defining Unicode char U+012D (decimal 301)
   defining Unicode char U+012E (decimal 302)
   defining Unicode char U+012F (decimal 303)
   defining Unicode char U+0130 (decimal 304)
   defining Unicode char U+0131 (decimal 305)
   defining Unicode char U+0132 (decimal 306)
   defining Unicode char U+0133 (decimal 307)
   defining Unicode char U+0134 (decimal 308)
   defining Unicode char U+0135 (decimal 309)
   defining Unicode char U+0136 (decimal 310)
   defining Unicode char U+0137 (decimal 311)
   defining Unicode char U+0139 (decimal 313)
   defining Unicode char U+013A (decimal 314)
   defining Unicode char U+013B (decimal 315)
   defining Unicode char U+013C (decimal 316)
   defining Unicode char U+013D (decimal 317)
   defining Unicode char U+013E (decimal 318)
   defining Unicode char U+0141 (decimal 321)
   defining Unicode char U+0142 (decimal 322)
   defining Unicode char U+0143 (decimal 323)
   defining Unicode char U+0144 (decimal 324)
   defining Unicode char U+0145 (decimal 325)
   defining Unicode char U+0146 (decimal 326)
   defining Unicode char U+0147 (decimal 327)
   defining Unicode char U+0148 (decimal 328)
   defining Unicode char U+014A (decimal 330)
   defining Unicode char U+014B (decimal 331)
   defining Unicode char U+014C (decimal 332)
   defining Unicode char U+014D (decimal 333)
   defining Unicode char U+014E (decimal 334)
   defining Unicode char U+014F (decimal 335)
   defining Unicode char U+0150 (decimal 336)
   defining Unicode char U+0151 (decimal 337)
   defining Unicode char U+0152 (decimal 338)
   defining Unicode char U+0153 (decimal 339)
   defining Unicode char U+0154 (decimal 340)
   defining Unicode char U+0155 (decimal 341)
   defining Unicode char U+0156 (decimal 342)
   defining Unicode char U+0157 (decimal 343)
   defining Unicode char U+0158 (decimal 344)
   defining Unicode char U+0159 (decimal 345)
   defining Unicode char U+015A (decimal 346)
   defining Unicode char U+015B (decimal 347)
   defining Unicode char U+015C (decimal 348)
   defining Unicode char U+015D (decimal 349)
   defining Unicode char U+015E (decimal 350)
   defining Unicode char U+015F (decimal 351)
   defining Unicode char U+0160 (decimal 352)
   defining Unicode char U+0161 (decimal 353)
   defining Unicode char U+0162 (decimal 354)
   defining Unicode char U+0163 (decimal 355)
   defining Unicode char U+0164 (decimal 356)
   defining Unicode char U+0165 (decimal 357)
   defining Unicode char U+0168 (decimal 360)
   defining Unicode char U+0169 (decimal 361)
   defining Unicode char U+016A (decimal 362)
   defining Unicode char U+016B (decimal 363)
   defining Unicode char U+016C (decimal 364)
   defining Unicode char U+016D (decimal 365)
   defining Unicode char U+016E (decimal 366)
   defining Unicode char U+016F (decimal 367)
   defining Unicode char U+0170 (decimal 368)
   defining Unicode char U+0171 (decimal 369)
   defining Unicode char U+0172 (decimal 370)
   defining Unicode char U+0173 (decimal 371)
   defining Unicode char U+0174 (decimal 372)
   defining Unicode char U+0175 (decimal 373)
   defining Unicode char U+0176 (decimal 374)
   defining Unicode char U+0177 (decimal 375)
   defining Unicode char U+0178 (decimal 376)
   defining Unicode char U+0179 (decimal 377)
   defining Unicode char U+017A (decimal 378)
   defining Unicode char U+017B (decimal 379)
   defining Unicode char U+017C (decimal 380)
   defining Unicode char U+017D (decimal 381)
   defining Unicode char U+017E (decimal 382)
   defining Unicode char U+01CD (decimal 461)
   defining Unicode char U+01CE (decimal 462)
   defining Unicode char U+01CF (decimal 463)
   defining Unicode char U+01D0 (decimal 464)
   defining Unicode char U+01D1 (decimal 465)
   defining Unicode char U+01D2 (decimal 466)
   defining Unicode char U+01D3 (decimal 467)
   defining Unicode char U+01D4 (decimal 468)
   defining Unicode char U+01E2 (decimal 482)
   defining Unicode char U+01E3 (decimal 483)
   defining Unicode char U+01E6 (decimal 486)
   defining Unicode char U+01E7 (decimal 487)
   defining Unicode char U+01E8 (decimal 488)
   defining Unicode char U+01E9 (decimal 489)
   defining Unicode char U+01EA (decimal 490)
   defining Unicode char U+01EB (decimal 491)
   defining Unicode char U+01F0 (decimal 496)
   defining Unicode char U+01F4 (decimal 500)
   defining Unicode char U+01F5 (decimal 501)
   defining Unicode char U+0218 (decimal 536)
   defining Unicode char U+0219 (decimal 537)
   defining Unicode char U+021A (decimal 538)
   defining Unicode char U+021B (decimal 539)
   defining Unicode char U+01E02 (decimal 7682)
   defining Unicode char U+01E03 (decimal 7683)
   defining Unicode char U+200C (decimal 8204)
   defining Unicode char U+2013 (decimal 8211)
   defining Unicode char U+2014 (decimal 8212)
   defining Unicode char U+2018 (decimal 8216)
   defining Unicode char U+2019 (decimal 8217)
   defining Unicode char U+201A (decimal 8218)
   defining Unicode char U+201C (decimal 8220)
   defining Unicode char U+201D (decimal 8221)
   defining Unicode char U+201E (decimal 8222)
   defining Unicode char U+2030 (decimal 8240)
   defining Unicode char U+2031 (decimal 8241)
   defining Unicode char U+2039 (decimal 8249)
   defining Unicode char U+203A (decimal 8250)
   defining Unicode char U+2423 (decimal 9251)
)
Now handling font encoding OT1 ...
... processing UTF-8 mapping file for font encoding OT1

(/usr/share/texlive/texmf-dist/tex/latex/base/ot1enc.dfu
File: ot1enc.dfu 2015/12/03 v1.1r UTF-8 support for inputenc
   defining Unicode char U+00A0 (decimal 160)
   defining Unicode char U+00A1 (decimal 161)
   defining Unicode char U+00A3 (decimal 163)
   defining Unicode char U+00AD (decimal 173)
   defining Unicode char U+00B8 (decimal 184)
   defining Unicode char U+00BF (decimal 191)
   defining Unicode char U+00C5 (decimal 197)
   defining Unicode char U+00C6 (decimal 198)
   defining Unicode char U+00D8 (decimal 216)
   defining Unicode char U+00DF (decimal 223)
   defining Unicode char U+00E6 (decimal 230)
   defining Unicode char U+00EC (decimal 236)
   defining Unicode char U+00ED (decimal 237)
   defining Unicode char U+00EE (decimal 238)
   defining Unicode char U+00EF (decimal 239)
   defining Unicode char U+00F8 (decimal 248)
   defining Unicode char U+0131 (decimal 305)
   defining Unicode char U+0141 (decimal 321)
   defining Unicode char U+0142 (decimal 322)
   defining Unicode char U+0152 (decimal 338)
   defining Unicode char U+0153 (decimal 339)
   defining Unicode char U+0174 (decimal 372)
   defining Unicode char U+0175 (decimal 373)
   defining Unicode char U+0176 (decimal 374)
   defining Unicode char U+0177 (decimal 375)
   defining Unicode char U+0218 (decimal 536)
   defining Unicode char U+0219 (decimal 537)
   defining Unicode char U+021A (decimal 538)
   defining Unicode char U+021B (decimal 539)
   defining Unicode char U+2013 (decimal 8211)
   defining Unicode char U+2014 (decimal 8212)
   defining Unicode char U+2018 (decimal 8216)
   defining Unicode char U+2019 (decimal 8217)
   defining Unicode char U+201C (decimal 8220)
   defining Unicode char U+201D (decimal 8221)
)
Now handling font encoding OMS ...
... processing UTF-8 mapping file for font encoding OMS

(/usr/share/texlive/texmf-dist/tex/latex/base/omsenc.dfu
File: omsenc.dfu 2015/12/03 v1.1r UTF-8 support for inputenc
   defining Unicode char U+00A7 (decimal 167)
   defining Unicode char U+00B6 (decimal 182)
   defining Unicode char U+00B7 (decimal 183)
   defining Unicode char U+2020 (decimal 8224)
   defining Unicode char U+2021 (decimal 8225)
   defining Unicode char U+2022 (decimal 8226)
)
Now handling font encoding OMX ...
... no UTF-8 mapping file for font encoding OMX
Now handling font encoding U ...
... no UTF-8 mapping file for font encoding U
   defining Unicode char U+00A9 (decimal 169)
   defining Unicode char U+00AA (decimal 170)
   defining Unicode char U+00AE (decimal 174)
   defining Unicode char U+00BA (decimal 186)
   defining Unicode char U+02C6 (decimal 710)
   defining Unicode char U+02DC (decimal 732)
   defining Unicode char U+200C (decimal 8204)
   defining Unicode char U+2026 (decimal 8230)
   defining Unicode char U+2122 (decimal 8482)
   defining Unicode char U+2423 (decimal 9251)
))
(/usr/share/texlive/texmf-dist/tex/latex/csquotes/csquotes.sty
Package: csquotes 2016/01/31 v5.1g context-sensitive quotations (JAW)

(/usr/share/texlive/texmf-dist/tex/latex/etoolbox/etoolbox.sty
Package: etoolbox 2015/08/02 v2.2a e-TeX tools for LaTeX (JAW)
\etb@tempcnta=\count87
)
(/usr/share/texlive/texmf-dist/tex/latex/graphics/keyval.sty
Package: keyval 2014/10/28 v1.15 key=value parser (DPC)
\KV@toks@=\toks16
)
\csq@reset=\count88
\csq@gtype=\count89
\csq@glevel=\count90
\csq@qlevel=\count91
\csq@maxlvl=\count92
\csq@tshold=\count93
\csq@ltx@everypar=\toks17

(/usr/share/texlive/texmf-dist/tex/latex/csquotes/csquotes.def
File: csquotes.def 2016/01/31 v5.1g csquotes generic definitions (JAW)
)
Package csquotes Info: Trying to load configuration file 'csquotes.cfg'...
Package csquotes Info: ... configuration file loaded successfully.

(/usr/share/texlive/texmf-dist/tex/latex/csquotes/csquotes.cfg
File: csquotes.cfg 
)
Package csquotes Info: Option 'babel' depreciated.
(csquotes)             Using 'autostyle'.
Package csquotes Info: Enabling multilingual quotes.
Package csquotes Info: Redefining alias 'french' -> 'french/guillemets'.
Package csquotes Info: Redefining alias 'german' -> 'german/swiss'.
)
(/usr/share/texlive/texmf-dist/tex/latex/tools/array.sty
Package: array 2014/10/28 v2.4c Tabular extension package (FMi)
\col@sep=\dimen103
\extrarowheight=\dimen104
\NC@list=\toks18
\extratabsurround=\skip43
\backup@length=\skip44
)
(/usr/share/texlive/texmf-dist/tex/latex/booktabs/booktabs.sty
Package: booktabs 2005/04/14 v1.61803 publication quality tables
\heavyrulewidth=\dimen105
\lightrulewidth=\dimen106
\cmidrulewidth=\dimen107
\belowrulesep=\dimen108
\belowbottomsep=\dimen109
\aboverulesep=\dimen110
\abovetopsep=\dimen111
\cmidrulesep=\dimen112
\cmidrulekern=\dimen113
\defaultaddspace=\dimen114
\@cmidla=\count94
\@cmidlb=\count95
\@aboverulesep=\dimen115
\@belowrulesep=\dimen116
\@thisruleclass=\count96
\@lastruleclass=\count97
\@thisrulewidth=\dimen117
)
(/usr/share/texlive/texmf-dist/tex/latex/graphics/graphicx.sty
Package: graphicx 2014/10/28 v1.0g Enhanced LaTeX Graphics (DPC,SPQR)

(/usr/share/texlive/texmf-dist/tex/latex/graphics/graphics.sty
Package: graphics 2016/01/03 v1.0q Standard LaTeX Graphics (DPC,SPQR)

(/usr/share/texlive/texmf-dist/tex/latex/graphics/trig.sty
Package: trig 2016/01/03 v1.10 sin cos tan (DPC)
)
(/usr/share/texlive/texmf-dist/tex/latex/latexconfig/graphics.cfg
File: graphics.cfg 2010/04/23 v1.9 graphics configuration of TeX Live
)
Package graphics Info: Driver file: pdftex.def on input line 95.

(/usr/share/texlive/texmf-dist/tex/latex/pdftex-def/pdftex.def
File: pdftex.def 2011/05/27 v0.06d Graphics/color for pdfTeX

(/usr/share/texlive/texmf-dist/tex/generic/oberdiek/infwarerr.sty
Package: infwarerr 2010/04/08 v1.3 Providing info/warning/error messages (HO)
)
(/usr/share/texlive/texmf-dist/tex/generic/oberdiek/ltxcmds.sty
Package: ltxcmds 2011/11/09 v1.22 LaTeX kernel commands for general use (HO)
)
\Gread@gobject=\count98
))
\Gin@req@height=\dimen118
\Gin@req@width=\dimen119
)
(/usr/share/texlive/texmf-dist/tex/latex/koma-script/scrpage2.sty
Package: scrpage2 2015/10/03 v3.19a KOMA-Script package (page head and foot)
)
(/usr/share/texlive/texmf-dist/tex/latex/amsmath/amsmath.sty
Package: amsmath 2016/03/03 v2.15a AMS math features
\@mathmargin=\skip45

For additional information on amsmath, use the `?' option.
(/usr/share/texlive/texmf-dist/tex/latex/amsmath/amstext.sty
Package: amstext 2000/06/29 v2.01 AMS text

(/usr/share/texlive/texmf-dist/tex/latex/amsmath/amsgen.sty
File: amsgen.sty 1999/11/30 v2.0 generic functions
\@emptytoks=\toks19
\ex@=\dimen120
))
(/usr/share/texlive/texmf-dist/tex/latex/amsmath/amsbsy.sty
Package: amsbsy 1999/11/29 v1.2d Bold Symbols
\pmbraise@=\dimen121
)
(/usr/share/texlive/texmf-dist/tex/latex/amsmath/amsopn.sty
Package: amsopn 1999/12/14 v2.01 operator names
)
\inf@bad=\count99
LaTeX Info: Redefining \frac on input line 199.
\uproot@=\count100
\leftroot@=\count101
LaTeX Info: Redefining \overline on input line 297.
\classnum@=\count102
\DOTSCASE@=\count103
LaTeX Info: Redefining \ldots on input line 394.
LaTeX Info: Redefining \dots on input line 397.
LaTeX Info: Redefining \cdots on input line 518.
\Mathstrutbox@=\box26
\strutbox@=\box27
\big@size=\dimen122
LaTeX Font Info:    Redeclaring font encoding OML on input line 630.
LaTeX Font Info:    Redeclaring font encoding OMS on input line 631.
\macc@depth=\count104
\c@MaxMatrixCols=\count105
\dotsspace@=\muskip10
\c@parentequation=\count106
\dspbrk@lvl=\count107
\tag@help=\toks20
\row@=\count108
\column@=\count109
\maxfields@=\count110
\andhelp@=\toks21
\eqnshift@=\dimen123
\alignsep@=\dimen124
\tagshift@=\dimen125
\tagwidth@=\dimen126
\totwidth@=\dimen127
\lineht@=\dimen128
\@envbody=\toks22
\multlinegap=\skip46
\multlinetaggap=\skip47
\mathdisplay@stack=\toks23
LaTeX Info: Redefining \[ on input line 2735.
LaTeX Info: Redefining \] on input line 2736.
)
(/usr/share/texlive/texmf-dist/tex/latex/amsfonts/amssymb.sty
Package: amssymb 2013/01/14 v3.01 AMS font symbols

(/usr/share/texlive/texmf-dist/tex/latex/amsfonts/amsfonts.sty
Package: amsfonts 2013/01/14 v3.01 Basic AMSFonts support
\symAMSa=\mathgroup4
\symAMSb=\mathgroup5
LaTeX Font Info:    Overwriting math alphabet `\mathfrak' in version `bold'
(Font)                  U/euf/m/n --> U/euf/b/n on input line 106.
))
(/usr/share/texlive/texmf-dist/tex/latex/psnfss/courier.sty
Package: courier 2005/04/12 PSNFSS-v9.2a (WaS) 
)
(/usr/share/texlive/texmf-dist/tex/latex/rotating/rotating.sty
Package: rotating 2009/03/28 v2.16a rotated objects in LaTeX

(/usr/share/texlive/texmf-dist/tex/latex/base/ifthen.sty
Package: ifthen 2014/09/29 v1.1c Standard LaTeX ifthen package (DPC)
)
\c@r@tfl@t=\count111
\rotFPtop=\skip48
\rotFPbot=\skip49
\rot@float@box=\box28
\rot@mess@toks=\toks24
)
(/usr/share/texlive/texmf-dist/tex/latex/graphics/color.sty
Package: color 2016/01/03 v1.1b Standard LaTeX Color (DPC)

(/usr/share/texlive/texmf-dist/tex/latex/latexconfig/color.cfg
File: color.cfg 2007/01/18 v1.5 color configuration of teTeX/TeXLive
)
Package color Info: Driver file: pdftex.def on input line 143.
)
(/usr/share/texlive/texmf-dist/tex/latex/hyperref/hyperref.sty
Package: hyperref 2012/11/06 v6.83m Hypertext links for LaTeX

(/usr/share/texlive/texmf-dist/tex/generic/oberdiek/hobsub-hyperref.sty
Package: hobsub-hyperref 2012/05/28 v1.13 Bundle oberdiek, subset hyperref (HO)


(/usr/share/texlive/texmf-dist/tex/generic/oberdiek/hobsub-generic.sty
Package: hobsub-generic 2012/05/28 v1.13 Bundle oberdiek, subset generic (HO)
Package: hobsub 2012/05/28 v1.13 Construct package bundles (HO)
Package hobsub Info: Skipping package `infwarerr' (already loaded).
Package hobsub Info: Skipping package `ltxcmds' (already loaded).
Package: ifluatex 2010/03/01 v1.3 Provides the ifluatex switch (HO)
Package ifluatex Info: LuaTeX not detected.
Package: ifvtex 2010/03/01 v1.5 Detect VTeX and its facilities (HO)
Package ifvtex Info: VTeX not detected.
Package: intcalc 2007/09/27 v1.1 Expandable calculations with integers (HO)
Package: ifpdf 2011/01/30 v2.3 Provides the ifpdf switch (HO)
Package ifpdf Info: pdfTeX in PDF mode is detected.
Package: etexcmds 2011/02/16 v1.5 Avoid name clashes with e-TeX commands (HO)
Package etexcmds Info: Could not find \expanded.
(etexcmds)             That can mean that you are not using pdfTeX 1.50 or
(etexcmds)             that some package has redefined \expanded.
(etexcmds)             In the latter case, load this package earlier.
Package: kvsetkeys 2012/04/25 v1.16 Key value parser (HO)
Package: kvdefinekeys 2011/04/07 v1.3 Define keys (HO)
Package: pdftexcmds 2011/11/29 v0.20 Utility functions of pdfTeX for LuaTeX (HO
)
Package pdftexcmds Info: LuaTeX not detected.
Package pdftexcmds Info: \pdf@primitive is available.
Package pdftexcmds Info: \pdf@ifprimitive is available.
Package pdftexcmds Info: \pdfdraftmode found.
Package: pdfescape 2011/11/25 v1.13 Implements pdfTeX's escape features (HO)
Package: bigintcalc 2012/04/08 v1.3 Expandable calculations on big integers (HO
)
Package: bitset 2011/01/30 v1.1 Handle bit-vector datatype (HO)
Package: uniquecounter 2011/01/30 v1.2 Provide unlimited unique counter (HO)
)
Package hobsub Info: Skipping package `hobsub' (already loaded).
Package: letltxmacro 2010/09/02 v1.4 Let assignment for LaTeX macros (HO)
Package: hopatch 2012/05/28 v1.2 Wrapper for package hooks (HO)
Package: xcolor-patch 2011/01/30 xcolor patch
Package: atveryend 2011/06/30 v1.8 Hooks at the very end of document (HO)
Package: atbegshi 2011/10/05 v1.16 At begin shipout hook (HO)
Package: refcount 2011/10/16 v3.4 Data extraction from label references (HO)
Package: hycolor 2011/01/30 v1.7 Color options for hyperref/bookmark (HO)
)
(/usr/share/texlive/texmf-dist/tex/generic/ifxetex/ifxetex.sty
Package: ifxetex 2010/09/12 v0.6 Provides ifxetex conditional
)
(/usr/share/texlive/texmf-dist/tex/latex/oberdiek/auxhook.sty
Package: auxhook 2011/03/04 v1.3 Hooks for auxiliary files (HO)
)
(/usr/share/texlive/texmf-dist/tex/latex/oberdiek/kvoptions.sty
Package: kvoptions 2011/06/30 v3.11 Key value format for package options (HO)
)
\@linkdim=\dimen129
\Hy@linkcounter=\count112
\Hy@pagecounter=\count113

(/usr/share/texlive/texmf-dist/tex/latex/hyperref/pd1enc.def
File: pd1enc.def 2012/11/06 v6.83m Hyperref: PDFDocEncoding definition (HO)
Now handling font encoding PD1 ...
... no UTF-8 mapping file for font encoding PD1
)
\Hy@SavedSpaceFactor=\count114

(/usr/share/texlive/texmf-dist/tex/latex/latexconfig/hyperref.cfg
File: hyperref.cfg 2002/06/06 v1.2 hyperref configuration of TeXLive
)
Package hyperref Info: Hyper figures OFF on input line 4443.
Package hyperref Info: Link nesting OFF on input line 4448.
Package hyperref Info: Hyper index ON on input line 4451.
Package hyperref Info: Plain pages OFF on input line 4458.
Package hyperref Info: Backreferencing OFF on input line 4463.
Package hyperref Info: Implicit mode ON; LaTeX internals redefined.
Package hyperref Info: Bookmarks ON on input line 4688.
\c@Hy@tempcnt=\count115

(/usr/share/texlive/texmf-dist/tex/latex/url/url.sty
\Urlmuskip=\muskip11
Package: url 2013/09/16  ver 3.4  Verb mode for urls, etc.
)
LaTeX Info: Redefining \url on input line 5041.
\XeTeXLinkMargin=\dimen130
\Fld@menulength=\count116
\Field@Width=\dimen131
\Fld@charsize=\dimen132
Package hyperref Info: Hyper figures OFF on input line 6295.
Package hyperref Info: Link nesting OFF on input line 6300.
Package hyperref Info: Hyper index ON on input line 6303.
Package hyperref Info: backreferencing OFF on input line 6310.
Package hyperref Info: Link coloring OFF on input line 6315.
Package hyperref Info: Link coloring with OCG OFF on input line 6320.
Package hyperref Info: PDF/A mode OFF on input line 6325.
LaTeX Info: Redefining \ref on input line 6365.
LaTeX Info: Redefining \pageref on input line 6369.
\Hy@abspage=\count117
\c@Item=\count118
\c@Hfootnote=\count119
)

Package hyperref Message: Driver: hpdftex.

(/usr/share/texlive/texmf-dist/tex/latex/hyperref/hpdftex.def
File: hpdftex.def 2012/11/06 v6.83m Hyperref driver for pdfTeX
\Fld@listcount=\count120
\c@bookmark@seq@number=\count121

(/usr/share/texlive/texmf-dist/tex/latex/oberdiek/rerunfilecheck.sty
Package: rerunfilecheck 2011/04/15 v1.7 Rerun checks for auxiliary files (HO)
Package uniquecounter Info: New unique counter `rerunfilecheck' on input line 2
82.
)
\Hy@SectionHShift=\skip50
)
Package hyperref Info: Option `colorlinks' set `true' on input line 83.


Package hyperref Warning: Option `pagecolor' is not available anymore.

(/usr/share/texlive/texmf-dist/tex/latex/listings/listings.sty
\lst@mode=\count122
\lst@gtempboxa=\box29
\lst@token=\toks25
\lst@length=\count123
\lst@currlwidth=\dimen133
\lst@column=\count124
\lst@pos=\count125
\lst@lostspace=\dimen134
\lst@width=\dimen135
\lst@newlines=\count126
\lst@lineno=\count127
\lst@maxwidth=\dimen136

(/usr/share/texlive/texmf-dist/tex/latex/listings/lstmisc.sty
File: lstmisc.sty 2015/06/04 1.6 (Carsten Heinz)
\c@lstnumber=\count128
\lst@skipnumbers=\count129
\lst@framebox=\box30
)
(/usr/share/texlive/texmf-dist/tex/latex/listings/listings.cfg
File: listings.cfg 2015/06/04 1.6 listings configuration
))
Package: listings 2015/06/04 1.6 (Carsten Heinz)

(/usr/share/texlive/texmf-dist/tex/latex/listings/lstlang1.sty
File: lstlang1.sty 2015/06/04 1.6 listings language file
)
(/usr/share/texlive/texmf-dist/tex/latex/listings/lstlang2.sty
File: lstlang2.sty 2015/06/04 1.6 listings language file
)
(/usr/share/texlive/texmf-dist/tex/latex/listings/lstlang3.sty
File: lstlang3.sty 2015/06/04 1.6 listings language file
)
(/usr/share/texlive/texmf-dist/tex/latex/listings/lstlang1.sty
File: lstlang1.sty 2015/06/04 1.6 listings language file
)
(/usr/share/texlive/texmf-dist/tex/latex/listings/lstlang2.sty
File: lstlang2.sty 2015/06/04 1.6 listings language file
)
(/usr/share/texlive/texmf-dist/tex/latex/listings/lstlang3.sty
File: lstlang3.sty 2015/06/04 1.6 listings language file
)
(/usr/share/texlive/texmf-dist/tex/latex/listings/lstlang1.sty
File: lstlang1.sty 2015/06/04 1.6 listings language file
)
(/usr/share/texlive/texmf-dist/tex/latex/listings/lstlang2.sty
File: lstlang2.sty 2015/06/04 1.6 listings language file
)
(/usr/share/texlive/texmf-dist/tex/latex/listings/lstlang3.sty
File: lstlang3.sty 2015/06/04 1.6 listings language file
)
(/usr/share/texlive/texmf-dist/tex/latex/listings/lstlang1.sty
File: lstlang1.sty 2015/06/04 1.6 listings language file
)
(/usr/share/texlive/texmf-dist/tex/latex/listings/lstlang2.sty
File: lstlang2.sty 2015/06/04 1.6 listings language file
)
(/usr/share/texlive/texmf-dist/tex/latex/listings/lstlang3.sty
File: lstlang3.sty 2015/06/04 1.6 listings language file
)
(/usr/share/texlive/texmf-dist/tex/latex/listings/lstmisc.sty
File: lstmisc.sty 2015/06/04 1.6 (Carsten Heinz)
)
(/usr/share/texlive/texmf-dist/tex/latex/nomencl/nomencl.sty
Package: nomencl 2005/09/22 v4.2 Nomenclature package (LN)
\nomlabelwidth=\dimen137
\nom@tempdim=\dimen138
\nomitemsep=\skip51
)
\@nomenclaturefile=\write3
\openout3 = `konzept_ASN_finalversion.nlo'.


Writing nomenclature file konzept_ASN_finalversion.nlo
(/usr/share/texlive/texmf-dist/tex/latex/eso-pic/eso-pic.sty
Package: eso-pic 2015/07/21 v2.0g eso-pic (RN)
)
(/usr/share/texlive/texmf-dist/tex/generic/babel/babel.sty
Package: babel 2016/02/24 3.9q The Babel package

(/usr/share/texlive/texmf-dist/tex/generic/babel-german/ngerman.ldf
Language: ngerman 2013/12/13 v2.7 German support for babel (new orthography)

(/usr/share/texlive/texmf-dist/tex/generic/babel-german/ngermanb.ldf
Language: ngermanb 2013/12/13 v2.7 German support for babel (new orthography)

(/usr/share/texlive/texmf-dist/tex/generic/babel/babel.def
File: babel.def 2016/02/24 3.9q Babel common definitions
\babel@savecnt=\count130
\U@D=\dimen139
)
\l@naustrian = a dialect from \language\l@ngerman 
\l@nswissgerman = a dialect from \language\l@ngerman 
Package babel Info: Making " an active character on input line 88.
)))
(/usr/share/texlive/texmf-dist/tex/latex/pdfpages/pdfpages.sty
Package: pdfpages 2015/09/18 v0.5d Insert pages of external PDF documents (AM)

(/usr/share/texlive/texmf-dist/tex/latex/tools/calc.sty
Package: calc 2014/10/28 v4.3 Infix arithmetic (KKT,FJ)
\calc@Acount=\count131
\calc@Bcount=\count132
\calc@Adimen=\dimen140
\calc@Bdimen=\dimen141
\calc@Askip=\skip52
\calc@Bskip=\skip53
LaTeX Info: Redefining \setlength on input line 80.
LaTeX Info: Redefining \addtolength on input line 81.
\calc@Ccount=\count133
\calc@Cskip=\skip54
)
\AM@pagewidth=\dimen142
\AM@pageheight=\dimen143

(/usr/share/texlive/texmf-dist/tex/latex/pdfpages/pppdftex.def
File: pppdftex.def 2015/09/18 v0.5d Pdfpages driver for pdfTeX (AM)
)
\AM@pagebox=\box31
\AM@toc@title=\toks26
\c@AM@survey=\count134
\AM@templatesizebox=\box32
)
Package csquotes Info: Checking for multilingual support...
Package csquotes Info: ... found 'babel' package.

(./konzept_ASN_finalversion.aux)
\openout1 = `konzept_ASN_finalversion.aux'.

LaTeX Font Info:    Checking defaults for OML/cmm/m/it on input line 192.
LaTeX Font Info:    ... okay on input line 192.
LaTeX Font Info:    Checking defaults for T1/cmr/m/n on input line 192.
LaTeX Font Info:    ... okay on input line 192.
LaTeX Font Info:    Checking defaults for OT1/cmr/m/n on input line 192.
LaTeX Font Info:    ... okay on input line 192.
LaTeX Font Info:    Checking defaults for OMS/cmsy/m/n on input line 192.
LaTeX Font Info:    ... okay on input line 192.
LaTeX Font Info:    Checking defaults for OMX/cmex/m/n on input line 192.
LaTeX Font Info:    ... okay on input line 192.
LaTeX Font Info:    Checking defaults for U/cmr/m/n on input line 192.
LaTeX Font Info:    ... okay on input line 192.
LaTeX Font Info:    Checking defaults for PD1/pdf/m/n on input line 192.
LaTeX Font Info:    ... okay on input line 192.

(/usr/share/texlive/texmf-dist/tex/context/base/supp-pdf.mkii
[Loading MPS to PDF converter (version 2006.09.02).]
\scratchcounter=\count135
\scratchdimen=\dimen144
\scratchbox=\box33
\nofMPsegments=\count136
\nofMParguments=\count137
\everyMPshowfont=\toks27
\MPscratchCnt=\count138
\MPscratchDim=\dimen145
\MPnumerator=\count139
\makeMPintoPDFobject=\count140
\everyMPtoPDFconversion=\toks28
) (/usr/share/texlive/texmf-dist/tex/latex/oberdiek/epstopdf-base.sty
Package: epstopdf-base 2010/02/09 v2.5 Base part for package epstopdf

(/usr/share/texlive/texmf-dist/tex/latex/oberdiek/grfext.sty
Package: grfext 2010/08/19 v1.1 Manage graphics extensions (HO)
)
Package grfext Info: Graphics extension search list:
(grfext)             [.png,.pdf,.jpg,.mps,.jpeg,.jbig2,.jb2,.PNG,.PDF,.JPG,.JPE
G,.JBIG2,.JB2,.eps]
(grfext)             \AppendGraphicsExtensions on input line 452.

(/usr/share/texlive/texmf-dist/tex/latex/latexconfig/epstopdf-sys.cfg
File: epstopdf-sys.cfg 2010/07/13 v1.3 Configuration of (r)epstopdf for TeX Liv
e
))

Package scrpage2 Warning: seems you are using a constant headheight.
(scrpage2)                If you get overfull \vbox warnings at almost every
(scrpage2)                page, you should increase headheight e.g. writing
(scrpage2)                 \setlength{\headheight}{1.1\baselineskip}
(scrpage2)                into the preamble of your document.
(scrpage2)                A better solution would be to use typearea package.

\AtBeginShipoutBox=\box34
Package hyperref Info: Link coloring ON on input line 192.
(/usr/share/texlive/texmf-dist/tex/latex/hyperref/nameref.sty
Package: nameref 2012/10/27 v2.43 Cross-referencing by name of section

(/usr/share/texlive/texmf-dist/tex/generic/oberdiek/gettitlestring.sty
Package: gettitlestring 2010/12/03 v1.4 Cleanup title references (HO)
)
\c@section@level=\count141
)
LaTeX Info: Redefining \ref on input line 192.
LaTeX Info: Redefining \pageref on input line 192.
LaTeX Info: Redefining \nameref on input line 192.

(./konzept_ASN_finalversion.out) (./konzept_ASN_finalversion.out)
\@outlinefile=\write4
\openout4 = `konzept_ASN_finalversion.out'.

\c@lstlisting=\count142

(/usr/share/texlive/texmf-dist/tex/latex/oberdiek/pdflscape.sty
Package: pdflscape 2008/08/11 v0.10 Display of landscape pages in PDF (HO)

(/usr/share/texlive/texmf-dist/tex/latex/graphics/lscape.sty
Package: lscape 2000/10/22 v3.01 Landscape Pages (DPC)
))
(./extras/konzept_ASN_title.tex
LaTeX Font Info:    Try loading font information for U+msa on input line 15.

(/usr/share/texlive/texmf-dist/tex/latex/amsfonts/umsa.fd
File: umsa.fd 2013/01/14 v3.01 AMS symbols A
)
LaTeX Font Info:    Try loading font information for U+msb on input line 15.

(/usr/share/texlive/texmf-dist/tex/latex/amsfonts/umsb.fd
File: umsb.fd 2013/01/14 v3.01 AMS symbols B
)) [1

{/var/lib/texmf/fonts/map/pdftex/updmap/pdftex.map}]
\c@roemisch=\count143
 (./konzept_ASN_finalversion.toc [1])
\tf@toc=\write5
\openout5 = `konzept_ASN_finalversion.toc'.


[2] (./systemoverview/konzept_ASN_systemoverview.tex)
(./usecases/konzept_ASN_usecases.tex [3] [4]
<pictures/usecasediagram.jpg, id=399, 1109.14375pt x 1238.6275pt>
File: pictures/usecasediagram.jpg Graphic file (type jpg)

<use pictures/usecasediagram.jpg>
Package pdftex.def Info: pictures/usecasediagram.jpg used on input line 20.
(pdftex.def)             Requested size: 426.79134pt x 476.61792pt.

Overfull \hbox (81.79134pt too wide) in paragraph at lines 20--21
[][] 
 []

[5 <./pictures/usecasediagram.jpg>]
LaTeX Font Info:    Try loading font information for OMS+cmr on input line 36.

(/usr/share/texlive/texmf-dist/tex/latex/base/omscmr.fd
File: omscmr.fd 2014/09/29 v2.5h Standard LaTeX font definitions
)
LaTeX Font Info:    Font shape `OMS/cmr/m/n' in size <12> not available
(Font)              Font shape `OMS/cmsy/m/n' tried instead on input line 36.
 [6] [7] [8] [9]
Overfull \hbox (39.32982pt too wide) in paragraph at lines 195--196
 []\OT1/cmr/bx/n/10 Nachbedingungen[] \OT1/cmr/m/n/12 Der Be-nut-zer be-fin-det
 sich auf Mas-ke M2-Grundstellung
 []

[10]
Overfull \hbox (39.32982pt too wide) in paragraph at lines 229--230
 []\OT1/cmr/bx/n/10 Nachbedingungen[] \OT1/cmr/m/n/12 Der Be-nut-zer be-fin-det
 sich auf Mas-ke M2-Grundstellung
 []

[11] [12]
Overfull \hbox (22.19249pt too wide) in paragraph at lines 294--295
 []\OT1/cmr/bx/n/10 Nachbedingungen[] \OT1/cmr/m/n/12 Der Nut-zer be-fin-det si
ch in Mas-ke M2-Grundstellung 
 []

[13]
Overfull \hbox (22.19249pt too wide) in paragraph at lines 322--323
 []\OT1/cmr/bx/n/10 Nachbedingungen[] \OT1/cmr/m/n/12 Der Nut-zer be-fin-det si
ch in Mas-ke M2-Grundstellung 
 []

[14] [15] [16] [17]
Overfull \hbox (1.28561pt too wide) in paragraph at lines 430--431
[]\OT1/cmr/m/n/12 Der El-tern-teil klickt auf den But-ton "Be-zugs-per-son hin-
zuf[]ugen" 
 []

[18]
Overfull \hbox (12.27708pt too wide) in paragraph at lines 449--450
 []\OT1/cmr/bx/n/10 Ausl[]oser[] \OT1/cmr/m/n/12 Der El-tern-teil klickt auf de
n But-ton "Be-zugs-per-son l[]oschen" 
 []

[19]
Overfull \hbox (12.27708pt too wide) in paragraph at lines 479--480
 []\OT1/cmr/bx/n/10 Ausl[]oser[] \OT1/cmr/m/n/12 Der El-tern-teil klickt auf de
n But-ton "Be-zugs-per-son l[]oschen" 
 []

[20] [21]
Overfull \hbox (1.39694pt too wide) in paragraph at lines 560--561
 []\OT1/cmr/bx/n/10 Alternative Schrit-te[] \OT1/cmr/m/n/12 Kein Kind des El-te
rn-teils ist in der Kin-derkrip-
 []

[22]
Overfull \hbox (5.11894pt too wide) in paragraph at lines 571--572
 []\OT1/cmr/bx/n/10 Beschreibung[] \OT1/cmr/m/n/12 In die-ser An-sicht erh[]alt
 der Mit-ar-bei-ter die vollst[]andi-
 []

[23] [24]
Overfull \hbox (6.9467pt too wide) in paragraph at lines 628--629
 []\OT1/cmr/bx/n/10 Beschreibung[] \OT1/cmr/m/n/12 Mit-ar-bei-ter k[]onnen die 
Kin-der-stamm-bl[]atter al-ler Kin-
 []

[25]
Overfull \hbox (20.97166pt too wide) in paragraph at lines 679--680
 []\OT1/cmr/bx/n/10 Nachbedingungen[] \OT1/cmr/m/n/12 Der Be-nut-zer be-fin-det
 sich in Mas-ke M5-Tagesplaner 
 []

[26] [27] [28] [29]
Overfull \hbox (2.52148pt too wide) in paragraph at lines 783--784
[]\OT1/cmr/m/n/12 Der Be-nut-zer gibt die Da-ten (Bring-zeit, Ab-hol-zeit, Kind
, Selbst-
 []

[30]
Overfull \hbox (11.94797pt too wide) in paragraph at lines 803--804
 []\OT1/cmr/bx/n/10 Beschreibung[] \OT1/cmr/m/n/12 Um den El-tern die Zei-tein-
tei-lung zu er-leich-tern, k[]onnen
 []


Overfull \hbox (16.9032pt too wide) in paragraph at lines 831--832
\OT1/cmr/m/n/12 bank ge-spei-chert und der Mit-ar-bei-ter be-fin-det sich in M2
-Grundstellung 
 []

[31]
Overfull \hbox (2.53712pt too wide) in paragraph at lines 868--869
 []\OT1/cmr/bx/n/10 Nachbedingungen[] \OT1/cmr/m/n/12 Der Ab-we-sen-heits-grund
 wird ge-spei-chert und der
 []

[32]
Overfull \hbox (6.00778pt too wide) in paragraph at lines 890--891
[]\OT1/cmr/m/n/12 Der Be-nut-zer klickt auf den But-ton "Mit-tages-sen An-mel-d
en/Ab-
 []

[33] [34]
Overfull \hbox (1.74727pt too wide) in paragraph at lines 944--944
[]\OT1/cmr/bx/n/12 Use-Case An-mel-dung f[]ur E-Mail-Benachrichtigungen 
 []


Overfull \hbox (40.63374pt too wide) in paragraph at lines 948--949
 []\OT1/cmr/bx/n/10 Ausl[]oser[] \OT1/cmr/m/n/12 Der Be-nut-zer klickt auf den 
But-ton "E-Mail-Benachrichtigungen" 
 []


Overfull \hbox (10.77719pt too wide) in paragraph at lines 958--959
[]\OT1/cmr/m/n/12 Der Be-nut-zer klickt auf den But-ton "E-Mail-Benachrichtigun
gen" 
 []


Overfull \hbox (10.77719pt too wide) in paragraph at lines 965--966
[]\OT1/cmr/m/n/12 Der Be-nut-zer klickt auf den But-ton "E-Mail-Benachrichtigun
gen" 
 []


Overfull \hbox (26.5795pt too wide) in paragraph at lines 970--971
\OT1/cmr/m/n/12 chert und der Be-nut-zer erh[]alt von nun an al-le E-Mail-Benac
hrichtigungen. 
 []

[35]
Overfull \hbox (5.60837pt too wide) in paragraph at lines 976--976
[]\OT1/cmr/bx/n/12 Use-Case Ab-mel-dung von E-Mail-Benachrichtigungen 
 []


Overfull \hbox (40.63374pt too wide) in paragraph at lines 980--981
 []\OT1/cmr/bx/n/10 Ausl[]oser[] \OT1/cmr/m/n/12 Der Be-nut-zer klickt auf den 
But-ton "E-Mail-Benachrichtigungen" 
 []


Overfull \hbox (10.77719pt too wide) in paragraph at lines 991--992
[]\OT1/cmr/m/n/12 Der Be-nut-zer klickt auf den But-ton "E-Mail-Benachrichtigun
gen" 
 []


Overfull \hbox (14.01047pt too wide) in paragraph at lines 992--993
[]\OT1/cmr/m/n/12 Es []off-net sich ein Pop-up mit ei-nem Abmelde- und ei-nem A
bbruch-
 []


Overfull \hbox (10.77719pt too wide) in paragraph at lines 998--999
[]\OT1/cmr/m/n/12 Der Be-nut-zer klickt auf den But-ton "E-Mail-Benachrichtigun
gen" 
 []


Overfull \hbox (14.01047pt too wide) in paragraph at lines 999--1000
[]\OT1/cmr/m/n/12 Es []off-net sich ein Pop-up mit ei-nem Abmelde- und ei-nem A
bbruch-
 []


Overfull \hbox (31.80167pt too wide) in paragraph at lines 1003--1004
\OT1/cmr/m/n/12 chert und der Be-nut-zer erh[]alt von nun an kei-ne E-Mail-Bena
chrichtigungen
 []

[36] [37] [38]
Overfull \hbox (24.7368pt too wide) in paragraph at lines 1054--1055
 []\OT1/cmr/bx/n/10 Beschreibung[] []\OT1/cmr/m/n/12 Uber das Ein-ga-be-feld k[
]onnen neue Nach-rich-ten (Textfeld-
 []

[39] [40] [41] [42]) (./classdiagram/classdiagram.tex [43]
<pictures/class_diagram_intellij_bright.png, id=1032, 2024.56375pt x 1610.015pt
>
File: pictures/class_diagram_intellij_bright.png Graphic file (type png)
 <use pictures/class_diagram_intellij_bright.png>
Package pdftex.def Info: pictures/class_diagram_intellij_bright.png used on inp
ut line 8.
(pdftex.def)             Requested size: 426.79134pt x 339.39061pt.

Overfull \hbox (81.79134pt too wide) in paragraph at lines 8--9
[][] 
 []

[44 <./pictures/class_diagram_intellij_bright.png (PNG copy)>] [45])
(./component/softwarestack.tex [46]
<component/Komponentendiagramm.png, id=1056, 1025.8325pt x 1436.36626pt>
File: component/Komponentendiagramm.png Graphic file (type png)

<use component/Komponentendiagramm.png>
Package pdftex.def Info: component/Komponentendiagramm.png used on input line 5
.
(pdftex.def)             Requested size: 372.60063pt x 521.71599pt.

Overfull \hbox (27.60063pt too wide) in paragraph at lines 5--6
[][] 
 []

[47 <./component/Komponentendiagramm.png>]) (./gui/gui.tex [48]
<pictures/Login.PNG, id=1069, 1055.44313pt x 591.71063pt>
File: pictures/Login.PNG Graphic file (type png)

<use pictures/Login.PNG>
Package pdftex.def Info: pictures/Login.PNG used on input line 8.
(pdftex.def)             Requested size: 426.79134pt x 239.27132pt.

Overfull \hbox (81.79134pt too wide) in paragraph at lines 8--9
[][] 
 []

[49 <./pictures/Login.PNG>]
<pictures/Grundstellung_Elternteil.PNG, id=1075, 1054.6903pt x 593.21625pt>
File: pictures/Grundstellung_Elternteil.PNG Graphic file (type png)

<use pictures/Grundstellung_Elternteil.PNG>
Package pdftex.def Info: pictures/Grundstellung_Elternteil.PNG used on input li
ne 14.
(pdftex.def)             Requested size: 426.79134pt x 240.04308pt.

Overfull \hbox (81.79134pt too wide) in paragraph at lines 14--15
[][] 
 []

<pictures/Grundstellung_Mitarbeiter.PNG, id=1076, 1055.44313pt x 596.98032pt>
File: pictures/Grundstellung_Mitarbeiter.PNG Graphic file (type png)

<use pictures/Grundstellung_Mitarbeiter.PNG>
Package pdftex.def Info: pictures/Grundstellung_Mitarbeiter.PNG used on input l
ine 19.
(pdftex.def)             Requested size: 426.79134pt x 241.40222pt.

Overfull \hbox (81.79134pt too wide) in paragraph at lines 19--20
[][] 
 []

[50 <./pictures/Grundstellung_Elternteil.PNG> <./pictures/Grundstellung_Mitarbe
iter.PNG>] <pictures/Kontaktliste.PNG, id=1083, 1054.6903pt x 588.69937pt>
File: pictures/Kontaktliste.PNG Graphic file (type png)

<use pictures/Kontaktliste.PNG>
Package pdftex.def Info: pictures/Kontaktliste.PNG used on input line 25.
(pdftex.def)             Requested size: 426.79134pt x 238.21533pt.

Overfull \hbox (81.79134pt too wide) in paragraph at lines 25--26
[][] 
 []

<pictures/daten_bearbeiten.PNG, id=1084, 1059.20718pt x 589.4522pt>
File: pictures/daten_bearbeiten.PNG Graphic file (type png)

<use pictures/daten_bearbeiten.PNG>
Package pdftex.def Info: pictures/daten_bearbeiten.PNG used on input line 30.
(pdftex.def)             Requested size: 426.79134pt x 237.5126pt.

Overfull \hbox (81.79134pt too wide) in paragraph at lines 30--31
[][] 
 []

[51 <./pictures/Kontaktliste.PNG> <./pictures/daten_bearbeiten.PNG>]
<pictures/Stammblattseite.PNG, id=1091, 1052.43187pt x 595.47469pt>
File: pictures/Stammblattseite.PNG Graphic file (type png)

<use pictures/Stammblattseite.PNG>
Package pdftex.def Info: pictures/Stammblattseite.PNG used on input line 36.
(pdftex.def)             Requested size: 426.79134pt x 241.48393pt.

Overfull \hbox (81.79134pt too wide) in paragraph at lines 36--37
[][] 
 []

<pictures/Tagesplaner.PNG, id=1092, 1053.9375pt x 593.96906pt>
File: pictures/Tagesplaner.PNG Graphic file (type png)

<use pictures/Tagesplaner.PNG>
Package pdftex.def Info: pictures/Tagesplaner.PNG used on input line 41.
(pdftex.def)             Requested size: 426.79134pt x 240.52896pt.

Overfull \hbox (81.79134pt too wide) in paragraph at lines 41--42
[][] 
 []

[52 <./pictures/Stammblattseite.PNG> <./pictures/Tagesplaner.PNG>]
<pictures/Messageboard.PNG, id=1099, 1053.9375pt x 593.21625pt>
File: pictures/Messageboard.PNG Graphic file (type png)

<use pictures/Messageboard.PNG>
Package pdftex.def Info: pictures/Messageboard.PNG used on input line 47.
(pdftex.def)             Requested size: 426.79134pt x 240.2241pt.

Overfull \hbox (81.79134pt too wide) in paragraph at lines 47--48
[][] 
 []

<pictures/Auditlog.PNG, id=1100, 1056.19594pt x 596.98032pt>
File: pictures/Auditlog.PNG Graphic file (type png)

<use pictures/Auditlog.PNG>
Package pdftex.def Info: pictures/Auditlog.PNG used on input line 52.
(pdftex.def)             Requested size: 426.79134pt x 241.22914pt.

Overfull \hbox (81.79134pt too wide) in paragraph at lines 52--53
[][] 
 []

[53 <./pictures/Messageboard.PNG> <./pictures/Auditlog.PNG>]
<pictures/Bildergalerie.PNG, id=1107, 1053.1847pt x 590.205pt>
File: pictures/Bildergalerie.PNG Graphic file (type png)

<use pictures/Bildergalerie.PNG>
Package pdftex.def Info: pictures/Bildergalerie.PNG used on input line 58.
(pdftex.def)             Requested size: 426.79134pt x 239.1758pt.

Overfull \hbox (81.79134pt too wide) in paragraph at lines 58--59
[][] 
 []

<pictures/Bildergalerie_detail.PNG, id=1108, 1056.94875pt x 592.46344pt>
File: pictures/Bildergalerie_detail.PNG Graphic file (type png)

<use pictures/Bildergalerie_detail.PNG>
Package pdftex.def Info: pictures/Bildergalerie_detail.PNG used on input line 6
3.
(pdftex.def)             Requested size: 426.79134pt x 239.2322pt.

Overfull \hbox (81.79134pt too wide) in paragraph at lines 63--64
[][] 
 []

) (./timeline/timeline.tex [54 <./pictures/Bildergalerie.PNG> <./pictures/Bilde
rgalerie_detail.PNG>]
Overfull \hbox (6.12091pt too wide) in paragraph at lines 15--16
 []\OT1/cmr/bx/n/10 Implementierung Use-Case An-ge-stell-ter[] \OT1/cmr/m/n/12 
Ste-fan Mat-ters-ber-ger, Ema-
 []

[55] <pictures/Zeitplanneu.PNG, id=1128, 398.99063pt x 1169.87062pt>
File: pictures/Zeitplanneu.PNG Graphic file (type png)

<use pictures/Zeitplanneu.PNG>
Package pdftex.def Info: pictures/Zeitplanneu.PNG used on input line 23.
(pdftex.def)             Requested size: 193.47873pt x 567.29732pt.
) [56 <./pictures/Zeitplanneu.PNG>]
Package atveryend Info: Empty hook `BeforeClearDocument' on input line 225.
Package atveryend Info: Empty hook `AfterLastShipout' on input line 225.

(./konzept_ASN_finalversion.aux)
Package atveryend Info: Executing hook `AtVeryEndDocument' on input line 225.
Package atveryend Info: Executing hook `AtEndAfterFileList' on input line 225.
Package rerunfilecheck Info: File `konzept_ASN_finalversion.out' has not change
d.
(rerunfilecheck)             Checksum: A5ED2A3941AEF760B1E5D987586852C4;5675.
 ) 
Here is how much of TeX's memory you used:
 11105 strings out of 493029
 158335 string characters out of 6136234
 286680 words of memory out of 5000000
 13787 multiletter control sequences out of 15000+600000
 12113 words of font info for 47 fonts, out of 8000000 for 9000
 1141 hyphenation exceptions out of 8191
 40i,8n,67p,813b,498s stack positions out of 5000i,500n,10000p,200000b,80000s
</usr/share/texlive/texmf-dist/fonts/type1/public/amsfonts/cm/cmbx10.pfb></us
r/share/texlive/texmf-dist/fonts/type1/public/amsfonts/cm/cmbx12.pfb></usr/shar
e/texlive/texmf-dist/fonts/type1/public/amsfonts/cm/cmr10.pfb></usr/share/texli
ve/texmf-dist/fonts/type1/public/amsfonts/cm/cmr12.pfb></usr/share/texlive/texm
f-dist/fonts/type1/public/amsfonts/cm/cmsy10.pfb>
Output written on konzept_ASN_finalversion.pdf (57 pages, 2729816 bytes).
PDF statistics:
 1283 PDF objects out of 1440 (max. 8388607)
 1179 compressed objects within 12 object streams
 613 named destinations out of 1000 (max. 500000)
 660 words of extra memory for PDF output out of 10000 (max. 10000000)

